

<!DOCTYPE html>
<html>
<head>
<meta charset="UTF-8">
<meta name="viewport" content="width=device-width, initial-scale=1, shrink-to-fit=no">
<title>C:\Users\shekhar.zambare\eclipse-workspace\Framework_All component handle\reports\Extent_Thu_Aug_24_10_23_35_IST_2023.html</title>
<link rel="apple-touch-icon" href="https://cdn.jsdelivr.net/gh/extent-framework/extent-github-cdn@b00a2d0486596e73dd7326beacf352c639623a0e/commons/img/logo.png">
<link rel="shortcut icon" href="https://cdn.jsdelivr.net/gh/extent-framework/extent-github-cdn@b00a2d0486596e73dd7326beacf352c639623a0e/commons/img/logo.png">
<link href="https://cdn.jsdelivr.net/gh/extent-framework/extent-github-cdn@d6562a79075e061305ccfdb82f01e5e195e2d307/spark/css/spark-style.css" rel="stylesheet" />
<link href="https://stackpath.bootstrapcdn.com/font-awesome/4.7.0/css/font-awesome.min.css" rel="stylesheet">
<script src="https://cdn.jsdelivr.net/gh/extent-framework/extent-github-cdn@7cc78ce/spark/js/jsontree.js"></script>
<style type="text/css"></style></head><body class="spa -report standard">
  <div class="app">
    <div class="layout">
<div class="header navbar">
<div class="vheader">
<div class="nav-logo">
<a href="#">
<div class="logo" style="background-image: url('https://cdn.jsdelivr.net/gh/extent-framework/extent-github-cdn@b00a2d0486596e73dd7326beacf352c639623a0e/commons/img/logo.png')"></div>
</a>
</div>
<ul class="nav-left">
<li class="search-box">
<a class="search-toggle" href="#">
<i class="search-icon fa fa-search"></i>
<i class="search-icon-close fa fa-close"></i>
</a>
</li>
<li class="search-input"><input id="search-tests" class="form-control" type="text" placeholder="Search..."></li>
</ul>
<ul class="nav-right">
<li class="m-r-10">
<a href="#"><span class="badge badge-primary">C:\Users\shekhar.zambare\eclipse-workspace\Framework_All component handle\reports\Extent_Thu_Aug_24_10_23_35_IST_2023.html</span></a>
</li>
<li class="m-r-10">
<a href="#"><span class="badge badge-primary">Aug 24, 2023 10:23:35 am</span></a>
</li>
</ul>
</div>
</div><div class="side-nav">
<div class="side-nav-inner">
<ul class="side-nav-menu">
<li class="nav-item dropdown" onclick="toggleView('test-view')">
<a id="nav-test" class="dropdown-toggle" href="#">
<span class="ico"><i class="fa fa-list"></i></span>
</a>
</li>
<li class="nav-item dropdown" onclick="toggleView('dashboard-view')">
<a id="nav-dashboard" class="dropdown-toggle" href="#">
<span class="ico"><i class="fa fa-bar-chart"></i></span>
</a>
</li>
</ul>
</div>
</div>      <div class="vcontainer">
        <div class="main-content">
<div class="test-wrapper row view test-view">
  <div class="test-list">
    <div class="test-list-tools">
<ul class="tools pull-left">
<li><a href="#"><span class="font-size-14">Tests</span></a></li>
</ul>
<ul class="tools text-right">
<li class="dropdown">
<a href="#" class="dropdown-toggle" data-toggle="dropdown"><i class="fa fa-exclamation-circle"></i></a>
<ul id="status-toggle" class="dropdown-menu dropdown-md p-v-0">
<a class="dropdown-item" status="fail" href="#"><span>Fail</span><span class="status danger"></span></a>
<div class="dropdown-divider"></div>
<a status="clear" class="dropdown-item" href="#"><span>Clear</span><span class="pull-right"><i class="fa fa-close"></i></span></a>
</ul>
</li>
</ul>
</div>    <div class="test-list-wrapper scrollable">
      <ul class="test-list-item">
        <li class="test-item"  status="fail" test-id="1"
          author=""
          tag=""
          device="">
          <div class="test-detail">
            <p class="name">com.qa.TestScripts.WebTableTest @TestCase : testCellValue</p>
            <p class="text-sm">
              <span>10:23:36 am</span> / <span>00:00:11:589</span>
              <span class="badge fail-bg log float-right">Fail</span>
            </p>
          </div>
          <div class="test-contents d-none">
<div class="detail-head">
<div class="p-v-10">
<div class="info">
<h5 class="test-status text-fail">com.qa.TestScripts.WebTableTest @TestCase : testCellValue</h5>
<span class='badge badge-success'>08.24.2023 10:23:36 am</span>
<span class='badge badge-danger'>08.24.2023 10:23:47 am</span>
<span class='badge badge-default'>00:00:11:589</span>
&middot; <span class='uri-anchor badge badge-default'>#test-id=1</span>
<span class='badge badge-default pointer float-right ml-1 et'><i class="fa fa-chevron-down"></i></span>
<span class='badge badge-default pointer float-right ct'><i class="fa fa-chevron-up"></i></span>
</div>
</div>
</div><div class="detail-body mt-4">
<table class="table table-sm">
  <thead><tr><th class="status-col">Status</th><th class="timestamp-col">Timestamp</th><th class="details-col">Details</th></tr></thead>
  <tbody>
      <tr class="event-row">
        <td><span class="badge log fail-bg">Fail</span></td>
        <td>10:23:47 am</td>
        <td>
          <details><summary><b><font color=red>Exception Occured:click to see</font></b></summary>[java.base/jdk.internal.reflect.DirectConstructorHandleAccessor.newInstance(DirectConstructorHandleAccessor.java:67)<br> java.base/java.lang.reflect.Constructor.newInstanceWithCaller(Constructor.java:500)<br> java.base/java.lang.reflect.Constructor.newInstance(Constructor.java:484)<br> org.openqa.selenium.remote.W3CHandshakeResponse.lambda$errorHandler$0(W3CHandshakeResponse.java:62)<br> org.openqa.selenium.remote.HandshakeResponse.lambda$getResponseFunction$0(HandshakeResponse.java:30)<br> org.openqa.selenium.remote.ProtocolHandshake.lambda$createSession$0(ProtocolHandshake.java:126)<br> java.base/java.util.stream.ReferencePipeline$3$1.accept(ReferencePipeline.java:197)<br> java.base/java.util.Spliterators$ArraySpliterator.tryAdvance(Spliterators.java:1016)<br> java.base/java.util.stream.ReferencePipeline.forEachWithCancel(ReferencePipeline.java:129)<br> java.base/java.util.stream.AbstractPipeline.copyIntoWithCancel(AbstractPipeline.java:527)<br> java.base/java.util.stream.AbstractPipeline.copyInto(AbstractPipeline.java:513)<br> java.base/java.util.stream.AbstractPipeline.wrapAndCopyInto(AbstractPipeline.java:499)<br> java.base/java.util.stream.FindOps$FindOp.evaluateSequential(FindOps.java:150)<br> java.base/java.util.stream.AbstractPipeline.evaluate(AbstractPipeline.java:234)<br> java.base/java.util.stream.ReferencePipeline.findFirst(ReferencePipeline.java:647)<br> org.openqa.selenium.remote.ProtocolHandshake.createSession(ProtocolHandshake.java:128)<br> org.openqa.selenium.remote.ProtocolHandshake.createSession(ProtocolHandshake.java:74)<br> org.openqa.selenium.remote.HttpCommandExecutor.execute(HttpCommandExecutor.java:136)<br> org.openqa.selenium.remote.service.DriverCommandExecutor.execute(DriverCommandExecutor.java:83)<br> org.openqa.selenium.remote.RemoteWebDriver.execute(RemoteWebDriver.java:552)<br> org.openqa.selenium.remote.RemoteWebDriver.startSession(RemoteWebDriver.java:213)<br> org.openqa.selenium.remote.RemoteWebDriver.<init>(RemoteWebDriver.java:131)<br> org.openqa.selenium.chrome.ChromeDriver.<init>(ChromeDriver.java:181)<br> org.openqa.selenium.chrome.ChromeDriver.<init>(ChromeDriver.java:168)<br> org.openqa.selenium.chrome.ChromeDriver.<init>(ChromeDriver.java:123)<br> com.qa.testbase.TestBase.openBrowser(TestBase.java:91)<br> com.qa.TestScripts.WebTableTest.testCellValue(WebTableTest.java:16)<br> java.base/jdk.internal.reflect.DirectMethodHandleAccessor.invoke(DirectMethodHandleAccessor.java:104)<br> java.base/java.lang.reflect.Method.invoke(Method.java:578)<br> org.testng.internal.invokers.MethodInvocationHelper.invokeMethod(MethodInvocationHelper.java:139)<br> org.testng.internal.invokers.TestInvoker.invokeMethod(TestInvoker.java:664)<br> org.testng.internal.invokers.TestInvoker.invokeTestMethod(TestInvoker.java:227)<br> org.testng.internal.invokers.MethodRunner.runInSequence(MethodRunner.java:50)<br> org.testng.internal.invokers.TestInvoker$MethodInvocationAgent.invoke(TestInvoker.java:957)<br> org.testng.internal.invokers.TestInvoker.invokeTestMethods(TestInvoker.java:200)<br> org.testng.internal.invokers.TestMethodWorker.invokeTestMethods(TestMethodWorker.java:148)<br> org.testng.internal.invokers.TestMethodWorker.run(TestMethodWorker.java:128)<br> java.base/java.util.ArrayList.forEach(ArrayList.java:1511)<br> org.testng.TestRunner.privateRun(TestRunner.java:848)<br> org.testng.TestRunner.run(TestRunner.java:621)<br> org.testng.SuiteRunner.runTest(SuiteRunner.java:443)<br> org.testng.SuiteRunner.runSequentially(SuiteRunner.java:437)<br> org.testng.SuiteRunner.privateRun(SuiteRunner.java:397)<br> org.testng.SuiteRunner.run(SuiteRunner.java:336)<br> org.testng.SuiteRunnerWorker.runSuite(SuiteRunnerWorker.java:52)<br> org.testng.SuiteRunnerWorker.run(SuiteRunnerWorker.java:95)<br> org.testng.TestNG.runSuitesSequentially(TestNG.java:1280)<br> org.testng.TestNG.runSuitesLocally(TestNG.java:1200)<br> org.testng.TestNG.runSuites(TestNG.java:1114)<br> org.testng.TestNG.run(TestNG.java:1082)<br> org.testng.remote.AbstractRemoteTestNG.run(AbstractRemoteTestNG.java:115)<br> org.testng.remote.RemoteTestNG.initAndRun(RemoteTestNG.java:251)<br> org.testng.remote.RemoteTestNG.main(RemoteTestNG.java:77)]</details> 

        </td>
      </tr>
      <tr class="event-row">
        <td><span class="badge log fail-bg">Fail</span></td>
        <td>10:23:47 am</td>
        <td>
          <span class='badge white-text red'>TEST CASE FAILED</span>
        </td>
      </tr>
  </tbody>
</table>
</div>
          </div>
        </li>
        <li class="test-item"  status="fail" test-id="2"
          author=""
          tag=""
          device="">
          <div class="test-detail">
            <p class="name">com.qa.TestScripts.DynamicCheckboxTest @TestCase : HandleDynamicCheckboxesTest</p>
            <p class="text-sm">
              <span>10:23:47 am</span> / <span>00:00:03:497</span>
              <span class="badge fail-bg log float-right">Fail</span>
            </p>
          </div>
          <div class="test-contents d-none">
<div class="detail-head">
<div class="p-v-10">
<div class="info">
<h5 class="test-status text-fail">com.qa.TestScripts.DynamicCheckboxTest @TestCase : HandleDynamicCheckboxesTest</h5>
<span class='badge badge-success'>08.24.2023 10:23:47 am</span>
<span class='badge badge-danger'>08.24.2023 10:23:51 am</span>
<span class='badge badge-default'>00:00:03:497</span>
&middot; <span class='uri-anchor badge badge-default'>#test-id=2</span>
<span class='badge badge-default pointer float-right ml-1 et'><i class="fa fa-chevron-down"></i></span>
<span class='badge badge-default pointer float-right ct'><i class="fa fa-chevron-up"></i></span>
</div>
</div>
</div><div class="detail-body mt-4">
<table class="table table-sm">
  <thead><tr><th class="status-col">Status</th><th class="timestamp-col">Timestamp</th><th class="details-col">Details</th></tr></thead>
  <tbody>
      <tr class="event-row">
        <td><span class="badge log fail-bg">Fail</span></td>
        <td>10:23:51 am</td>
        <td>
          <details><summary><b><font color=red>Exception Occured:click to see</font></b></summary>[java.base/jdk.internal.reflect.DirectConstructorHandleAccessor.newInstance(DirectConstructorHandleAccessor.java:67)<br> java.base/java.lang.reflect.Constructor.newInstanceWithCaller(Constructor.java:500)<br> java.base/java.lang.reflect.Constructor.newInstance(Constructor.java:484)<br> org.openqa.selenium.remote.W3CHandshakeResponse.lambda$errorHandler$0(W3CHandshakeResponse.java:62)<br> org.openqa.selenium.remote.HandshakeResponse.lambda$getResponseFunction$0(HandshakeResponse.java:30)<br> org.openqa.selenium.remote.ProtocolHandshake.lambda$createSession$0(ProtocolHandshake.java:126)<br> java.base/java.util.stream.ReferencePipeline$3$1.accept(ReferencePipeline.java:197)<br> java.base/java.util.Spliterators$ArraySpliterator.tryAdvance(Spliterators.java:1016)<br> java.base/java.util.stream.ReferencePipeline.forEachWithCancel(ReferencePipeline.java:129)<br> java.base/java.util.stream.AbstractPipeline.copyIntoWithCancel(AbstractPipeline.java:527)<br> java.base/java.util.stream.AbstractPipeline.copyInto(AbstractPipeline.java:513)<br> java.base/java.util.stream.AbstractPipeline.wrapAndCopyInto(AbstractPipeline.java:499)<br> java.base/java.util.stream.FindOps$FindOp.evaluateSequential(FindOps.java:150)<br> java.base/java.util.stream.AbstractPipeline.evaluate(AbstractPipeline.java:234)<br> java.base/java.util.stream.ReferencePipeline.findFirst(ReferencePipeline.java:647)<br> org.openqa.selenium.remote.ProtocolHandshake.createSession(ProtocolHandshake.java:128)<br> org.openqa.selenium.remote.ProtocolHandshake.createSession(ProtocolHandshake.java:74)<br> org.openqa.selenium.remote.HttpCommandExecutor.execute(HttpCommandExecutor.java:136)<br> org.openqa.selenium.remote.service.DriverCommandExecutor.execute(DriverCommandExecutor.java:83)<br> org.openqa.selenium.remote.RemoteWebDriver.execute(RemoteWebDriver.java:552)<br> org.openqa.selenium.remote.RemoteWebDriver.startSession(RemoteWebDriver.java:213)<br> org.openqa.selenium.remote.RemoteWebDriver.<init>(RemoteWebDriver.java:131)<br> org.openqa.selenium.chrome.ChromeDriver.<init>(ChromeDriver.java:181)<br> org.openqa.selenium.chrome.ChromeDriver.<init>(ChromeDriver.java:168)<br> org.openqa.selenium.chrome.ChromeDriver.<init>(ChromeDriver.java:123)<br> com.qa.testbase.TestBase.openBrowser(TestBase.java:91)<br> com.qa.TestScripts.DynamicCheckboxTest.HandleDynamicCheckboxesTest(DynamicCheckboxTest.java:17)<br> java.base/jdk.internal.reflect.DirectMethodHandleAccessor.invoke(DirectMethodHandleAccessor.java:104)<br> java.base/java.lang.reflect.Method.invoke(Method.java:578)<br> org.testng.internal.invokers.MethodInvocationHelper.invokeMethod(MethodInvocationHelper.java:139)<br> org.testng.internal.invokers.TestInvoker.invokeMethod(TestInvoker.java:664)<br> org.testng.internal.invokers.TestInvoker.invokeTestMethod(TestInvoker.java:227)<br> org.testng.internal.invokers.MethodRunner.runInSequence(MethodRunner.java:50)<br> org.testng.internal.invokers.TestInvoker$MethodInvocationAgent.invoke(TestInvoker.java:957)<br> org.testng.internal.invokers.TestInvoker.invokeTestMethods(TestInvoker.java:200)<br> org.testng.internal.invokers.TestMethodWorker.invokeTestMethods(TestMethodWorker.java:148)<br> org.testng.internal.invokers.TestMethodWorker.run(TestMethodWorker.java:128)<br> java.base/java.util.ArrayList.forEach(ArrayList.java:1511)<br> org.testng.TestRunner.privateRun(TestRunner.java:848)<br> org.testng.TestRunner.run(TestRunner.java:621)<br> org.testng.SuiteRunner.runTest(SuiteRunner.java:443)<br> org.testng.SuiteRunner.runSequentially(SuiteRunner.java:437)<br> org.testng.SuiteRunner.privateRun(SuiteRunner.java:397)<br> org.testng.SuiteRunner.run(SuiteRunner.java:336)<br> org.testng.SuiteRunnerWorker.runSuite(SuiteRunnerWorker.java:52)<br> org.testng.SuiteRunnerWorker.run(SuiteRunnerWorker.java:95)<br> org.testng.TestNG.runSuitesSequentially(TestNG.java:1280)<br> org.testng.TestNG.runSuitesLocally(TestNG.java:1200)<br> org.testng.TestNG.runSuites(TestNG.java:1114)<br> org.testng.TestNG.run(TestNG.java:1082)<br> org.testng.remote.AbstractRemoteTestNG.run(AbstractRemoteTestNG.java:115)<br> org.testng.remote.RemoteTestNG.initAndRun(RemoteTestNG.java:251)<br> org.testng.remote.RemoteTestNG.main(RemoteTestNG.java:77)]</details> 

        </td>
      </tr>
      <tr class="event-row">
        <td><span class="badge log fail-bg">Fail</span></td>
        <td>10:23:51 am</td>
        <td>
          <span class='badge white-text red'>TEST CASE FAILED</span>
        </td>
      </tr>
  </tbody>
</table>
</div>
          </div>
        </li>
        <li class="test-item"  status="fail" test-id="3"
          author=""
          tag=""
          device="">
          <div class="test-detail">
            <p class="name">com.qa.TestScripts.SimpleCheckboxTest @TestCase : testCheckbox</p>
            <p class="text-sm">
              <span>10:23:51 am</span> / <span>00:00:03:355</span>
              <span class="badge fail-bg log float-right">Fail</span>
            </p>
          </div>
          <div class="test-contents d-none">
<div class="detail-head">
<div class="p-v-10">
<div class="info">
<h5 class="test-status text-fail">com.qa.TestScripts.SimpleCheckboxTest @TestCase : testCheckbox</h5>
<span class='badge badge-success'>08.24.2023 10:23:51 am</span>
<span class='badge badge-danger'>08.24.2023 10:23:54 am</span>
<span class='badge badge-default'>00:00:03:355</span>
&middot; <span class='uri-anchor badge badge-default'>#test-id=3</span>
<span class='badge badge-default pointer float-right ml-1 et'><i class="fa fa-chevron-down"></i></span>
<span class='badge badge-default pointer float-right ct'><i class="fa fa-chevron-up"></i></span>
</div>
</div>
</div><div class="detail-body mt-4">
<table class="table table-sm">
  <thead><tr><th class="status-col">Status</th><th class="timestamp-col">Timestamp</th><th class="details-col">Details</th></tr></thead>
  <tbody>
      <tr class="event-row">
        <td><span class="badge log fail-bg">Fail</span></td>
        <td>10:23:54 am</td>
        <td>
          <details><summary><b><font color=red>Exception Occured:click to see</font></b></summary>[java.base/jdk.internal.reflect.DirectConstructorHandleAccessor.newInstance(DirectConstructorHandleAccessor.java:67)<br> java.base/java.lang.reflect.Constructor.newInstanceWithCaller(Constructor.java:500)<br> java.base/java.lang.reflect.Constructor.newInstance(Constructor.java:484)<br> org.openqa.selenium.remote.W3CHandshakeResponse.lambda$errorHandler$0(W3CHandshakeResponse.java:62)<br> org.openqa.selenium.remote.HandshakeResponse.lambda$getResponseFunction$0(HandshakeResponse.java:30)<br> org.openqa.selenium.remote.ProtocolHandshake.lambda$createSession$0(ProtocolHandshake.java:126)<br> java.base/java.util.stream.ReferencePipeline$3$1.accept(ReferencePipeline.java:197)<br> java.base/java.util.Spliterators$ArraySpliterator.tryAdvance(Spliterators.java:1016)<br> java.base/java.util.stream.ReferencePipeline.forEachWithCancel(ReferencePipeline.java:129)<br> java.base/java.util.stream.AbstractPipeline.copyIntoWithCancel(AbstractPipeline.java:527)<br> java.base/java.util.stream.AbstractPipeline.copyInto(AbstractPipeline.java:513)<br> java.base/java.util.stream.AbstractPipeline.wrapAndCopyInto(AbstractPipeline.java:499)<br> java.base/java.util.stream.FindOps$FindOp.evaluateSequential(FindOps.java:150)<br> java.base/java.util.stream.AbstractPipeline.evaluate(AbstractPipeline.java:234)<br> java.base/java.util.stream.ReferencePipeline.findFirst(ReferencePipeline.java:647)<br> org.openqa.selenium.remote.ProtocolHandshake.createSession(ProtocolHandshake.java:128)<br> org.openqa.selenium.remote.ProtocolHandshake.createSession(ProtocolHandshake.java:74)<br> org.openqa.selenium.remote.HttpCommandExecutor.execute(HttpCommandExecutor.java:136)<br> org.openqa.selenium.remote.service.DriverCommandExecutor.execute(DriverCommandExecutor.java:83)<br> org.openqa.selenium.remote.RemoteWebDriver.execute(RemoteWebDriver.java:552)<br> org.openqa.selenium.remote.RemoteWebDriver.startSession(RemoteWebDriver.java:213)<br> org.openqa.selenium.remote.RemoteWebDriver.<init>(RemoteWebDriver.java:131)<br> org.openqa.selenium.chrome.ChromeDriver.<init>(ChromeDriver.java:181)<br> org.openqa.selenium.chrome.ChromeDriver.<init>(ChromeDriver.java:168)<br> org.openqa.selenium.chrome.ChromeDriver.<init>(ChromeDriver.java:123)<br> com.qa.testbase.TestBase.openBrowser(TestBase.java:91)<br> com.qa.TestScripts.SimpleCheckboxTest.testCheckbox(SimpleCheckboxTest.java:17)<br> java.base/jdk.internal.reflect.DirectMethodHandleAccessor.invoke(DirectMethodHandleAccessor.java:104)<br> java.base/java.lang.reflect.Method.invoke(Method.java:578)<br> org.testng.internal.invokers.MethodInvocationHelper.invokeMethod(MethodInvocationHelper.java:139)<br> org.testng.internal.invokers.TestInvoker.invokeMethod(TestInvoker.java:664)<br> org.testng.internal.invokers.TestInvoker.invokeTestMethod(TestInvoker.java:227)<br> org.testng.internal.invokers.MethodRunner.runInSequence(MethodRunner.java:50)<br> org.testng.internal.invokers.TestInvoker$MethodInvocationAgent.invoke(TestInvoker.java:957)<br> org.testng.internal.invokers.TestInvoker.invokeTestMethods(TestInvoker.java:200)<br> org.testng.internal.invokers.TestMethodWorker.invokeTestMethods(TestMethodWorker.java:148)<br> org.testng.internal.invokers.TestMethodWorker.run(TestMethodWorker.java:128)<br> java.base/java.util.ArrayList.forEach(ArrayList.java:1511)<br> org.testng.TestRunner.privateRun(TestRunner.java:848)<br> org.testng.TestRunner.run(TestRunner.java:621)<br> org.testng.SuiteRunner.runTest(SuiteRunner.java:443)<br> org.testng.SuiteRunner.runSequentially(SuiteRunner.java:437)<br> org.testng.SuiteRunner.privateRun(SuiteRunner.java:397)<br> org.testng.SuiteRunner.run(SuiteRunner.java:336)<br> org.testng.SuiteRunnerWorker.runSuite(SuiteRunnerWorker.java:52)<br> org.testng.SuiteRunnerWorker.run(SuiteRunnerWorker.java:95)<br> org.testng.TestNG.runSuitesSequentially(TestNG.java:1280)<br> org.testng.TestNG.runSuitesLocally(TestNG.java:1200)<br> org.testng.TestNG.runSuites(TestNG.java:1114)<br> org.testng.TestNG.run(TestNG.java:1082)<br> org.testng.remote.AbstractRemoteTestNG.run(AbstractRemoteTestNG.java:115)<br> org.testng.remote.RemoteTestNG.initAndRun(RemoteTestNG.java:251)<br> org.testng.remote.RemoteTestNG.main(RemoteTestNG.java:77)]</details> 

        </td>
      </tr>
      <tr class="event-row">
        <td><span class="badge log fail-bg">Fail</span></td>
        <td>10:23:54 am</td>
        <td>
          <span class='badge white-text red'>TEST CASE FAILED</span>
        </td>
      </tr>
  </tbody>
</table>
</div>
          </div>
        </li>
        <li class="test-item"  status="fail" test-id="4"
          author=""
          tag=""
          device="">
          <div class="test-detail">
            <p class="name">com.qa.TestScripts.WindowHandleTest @TestCase : HandleWindows</p>
            <p class="text-sm">
              <span>10:23:54 am</span> / <span>00:00:03:501</span>
              <span class="badge fail-bg log float-right">Fail</span>
            </p>
          </div>
          <div class="test-contents d-none">
<div class="detail-head">
<div class="p-v-10">
<div class="info">
<h5 class="test-status text-fail">com.qa.TestScripts.WindowHandleTest @TestCase : HandleWindows</h5>
<span class='badge badge-success'>08.24.2023 10:23:54 am</span>
<span class='badge badge-danger'>08.24.2023 10:23:58 am</span>
<span class='badge badge-default'>00:00:03:501</span>
&middot; <span class='uri-anchor badge badge-default'>#test-id=4</span>
<span class='badge badge-default pointer float-right ml-1 et'><i class="fa fa-chevron-down"></i></span>
<span class='badge badge-default pointer float-right ct'><i class="fa fa-chevron-up"></i></span>
</div>
</div>
</div><div class="detail-body mt-4">
<table class="table table-sm">
  <thead><tr><th class="status-col">Status</th><th class="timestamp-col">Timestamp</th><th class="details-col">Details</th></tr></thead>
  <tbody>
      <tr class="event-row">
        <td><span class="badge log fail-bg">Fail</span></td>
        <td>10:23:58 am</td>
        <td>
          <details><summary><b><font color=red>Exception Occured:click to see</font></b></summary>[java.base/jdk.internal.reflect.DirectConstructorHandleAccessor.newInstance(DirectConstructorHandleAccessor.java:67)<br> java.base/java.lang.reflect.Constructor.newInstanceWithCaller(Constructor.java:500)<br> java.base/java.lang.reflect.Constructor.newInstance(Constructor.java:484)<br> org.openqa.selenium.remote.W3CHandshakeResponse.lambda$errorHandler$0(W3CHandshakeResponse.java:62)<br> org.openqa.selenium.remote.HandshakeResponse.lambda$getResponseFunction$0(HandshakeResponse.java:30)<br> org.openqa.selenium.remote.ProtocolHandshake.lambda$createSession$0(ProtocolHandshake.java:126)<br> java.base/java.util.stream.ReferencePipeline$3$1.accept(ReferencePipeline.java:197)<br> java.base/java.util.Spliterators$ArraySpliterator.tryAdvance(Spliterators.java:1016)<br> java.base/java.util.stream.ReferencePipeline.forEachWithCancel(ReferencePipeline.java:129)<br> java.base/java.util.stream.AbstractPipeline.copyIntoWithCancel(AbstractPipeline.java:527)<br> java.base/java.util.stream.AbstractPipeline.copyInto(AbstractPipeline.java:513)<br> java.base/java.util.stream.AbstractPipeline.wrapAndCopyInto(AbstractPipeline.java:499)<br> java.base/java.util.stream.FindOps$FindOp.evaluateSequential(FindOps.java:150)<br> java.base/java.util.stream.AbstractPipeline.evaluate(AbstractPipeline.java:234)<br> java.base/java.util.stream.ReferencePipeline.findFirst(ReferencePipeline.java:647)<br> org.openqa.selenium.remote.ProtocolHandshake.createSession(ProtocolHandshake.java:128)<br> org.openqa.selenium.remote.ProtocolHandshake.createSession(ProtocolHandshake.java:74)<br> org.openqa.selenium.remote.HttpCommandExecutor.execute(HttpCommandExecutor.java:136)<br> org.openqa.selenium.remote.service.DriverCommandExecutor.execute(DriverCommandExecutor.java:83)<br> org.openqa.selenium.remote.RemoteWebDriver.execute(RemoteWebDriver.java:552)<br> org.openqa.selenium.remote.RemoteWebDriver.startSession(RemoteWebDriver.java:213)<br> org.openqa.selenium.remote.RemoteWebDriver.<init>(RemoteWebDriver.java:131)<br> org.openqa.selenium.chrome.ChromeDriver.<init>(ChromeDriver.java:181)<br> org.openqa.selenium.chrome.ChromeDriver.<init>(ChromeDriver.java:168)<br> org.openqa.selenium.chrome.ChromeDriver.<init>(ChromeDriver.java:123)<br> com.qa.testbase.TestBase.openBrowser(TestBase.java:91)<br> com.qa.TestScripts.WindowHandleTest.HandleWindows(WindowHandleTest.java:15)<br> java.base/jdk.internal.reflect.DirectMethodHandleAccessor.invoke(DirectMethodHandleAccessor.java:104)<br> java.base/java.lang.reflect.Method.invoke(Method.java:578)<br> org.testng.internal.invokers.MethodInvocationHelper.invokeMethod(MethodInvocationHelper.java:139)<br> org.testng.internal.invokers.TestInvoker.invokeMethod(TestInvoker.java:664)<br> org.testng.internal.invokers.TestInvoker.invokeTestMethod(TestInvoker.java:227)<br> org.testng.internal.invokers.MethodRunner.runInSequence(MethodRunner.java:50)<br> org.testng.internal.invokers.TestInvoker$MethodInvocationAgent.invoke(TestInvoker.java:957)<br> org.testng.internal.invokers.TestInvoker.invokeTestMethods(TestInvoker.java:200)<br> org.testng.internal.invokers.TestMethodWorker.invokeTestMethods(TestMethodWorker.java:148)<br> org.testng.internal.invokers.TestMethodWorker.run(TestMethodWorker.java:128)<br> java.base/java.util.ArrayList.forEach(ArrayList.java:1511)<br> org.testng.TestRunner.privateRun(TestRunner.java:848)<br> org.testng.TestRunner.run(TestRunner.java:621)<br> org.testng.SuiteRunner.runTest(SuiteRunner.java:443)<br> org.testng.SuiteRunner.runSequentially(SuiteRunner.java:437)<br> org.testng.SuiteRunner.privateRun(SuiteRunner.java:397)<br> org.testng.SuiteRunner.run(SuiteRunner.java:336)<br> org.testng.SuiteRunnerWorker.runSuite(SuiteRunnerWorker.java:52)<br> org.testng.SuiteRunnerWorker.run(SuiteRunnerWorker.java:95)<br> org.testng.TestNG.runSuitesSequentially(TestNG.java:1280)<br> org.testng.TestNG.runSuitesLocally(TestNG.java:1200)<br> org.testng.TestNG.runSuites(TestNG.java:1114)<br> org.testng.TestNG.run(TestNG.java:1082)<br> org.testng.remote.AbstractRemoteTestNG.run(AbstractRemoteTestNG.java:115)<br> org.testng.remote.RemoteTestNG.initAndRun(RemoteTestNG.java:251)<br> org.testng.remote.RemoteTestNG.main(RemoteTestNG.java:77)]</details> 

        </td>
      </tr>
      <tr class="event-row">
        <td><span class="badge log fail-bg">Fail</span></td>
        <td>10:23:58 am</td>
        <td>
          <span class='badge white-text red'>TEST CASE FAILED</span>
        </td>
      </tr>
  </tbody>
</table>
</div>
          </div>
        </li>
        <li class="test-item"  status="fail" test-id="5"
          author=""
          tag=""
          device="">
          <div class="test-detail">
            <p class="name">com.qa.TestScripts.MouseHoverTest @TestCase : MouseHoverAction</p>
            <p class="text-sm">
              <span>10:23:58 am</span> / <span>00:00:03:539</span>
              <span class="badge fail-bg log float-right">Fail</span>
            </p>
          </div>
          <div class="test-contents d-none">
<div class="detail-head">
<div class="p-v-10">
<div class="info">
<h5 class="test-status text-fail">com.qa.TestScripts.MouseHoverTest @TestCase : MouseHoverAction</h5>
<span class='badge badge-success'>08.24.2023 10:23:58 am</span>
<span class='badge badge-danger'>08.24.2023 10:24:01 am</span>
<span class='badge badge-default'>00:00:03:539</span>
&middot; <span class='uri-anchor badge badge-default'>#test-id=5</span>
<span class='badge badge-default pointer float-right ml-1 et'><i class="fa fa-chevron-down"></i></span>
<span class='badge badge-default pointer float-right ct'><i class="fa fa-chevron-up"></i></span>
</div>
</div>
</div><div class="detail-body mt-4">
<table class="table table-sm">
  <thead><tr><th class="status-col">Status</th><th class="timestamp-col">Timestamp</th><th class="details-col">Details</th></tr></thead>
  <tbody>
      <tr class="event-row">
        <td><span class="badge log fail-bg">Fail</span></td>
        <td>10:24:01 am</td>
        <td>
          <details><summary><b><font color=red>Exception Occured:click to see</font></b></summary>[java.base/jdk.internal.reflect.DirectConstructorHandleAccessor.newInstance(DirectConstructorHandleAccessor.java:67)<br> java.base/java.lang.reflect.Constructor.newInstanceWithCaller(Constructor.java:500)<br> java.base/java.lang.reflect.Constructor.newInstance(Constructor.java:484)<br> org.openqa.selenium.remote.W3CHandshakeResponse.lambda$errorHandler$0(W3CHandshakeResponse.java:62)<br> org.openqa.selenium.remote.HandshakeResponse.lambda$getResponseFunction$0(HandshakeResponse.java:30)<br> org.openqa.selenium.remote.ProtocolHandshake.lambda$createSession$0(ProtocolHandshake.java:126)<br> java.base/java.util.stream.ReferencePipeline$3$1.accept(ReferencePipeline.java:197)<br> java.base/java.util.Spliterators$ArraySpliterator.tryAdvance(Spliterators.java:1016)<br> java.base/java.util.stream.ReferencePipeline.forEachWithCancel(ReferencePipeline.java:129)<br> java.base/java.util.stream.AbstractPipeline.copyIntoWithCancel(AbstractPipeline.java:527)<br> java.base/java.util.stream.AbstractPipeline.copyInto(AbstractPipeline.java:513)<br> java.base/java.util.stream.AbstractPipeline.wrapAndCopyInto(AbstractPipeline.java:499)<br> java.base/java.util.stream.FindOps$FindOp.evaluateSequential(FindOps.java:150)<br> java.base/java.util.stream.AbstractPipeline.evaluate(AbstractPipeline.java:234)<br> java.base/java.util.stream.ReferencePipeline.findFirst(ReferencePipeline.java:647)<br> org.openqa.selenium.remote.ProtocolHandshake.createSession(ProtocolHandshake.java:128)<br> org.openqa.selenium.remote.ProtocolHandshake.createSession(ProtocolHandshake.java:74)<br> org.openqa.selenium.remote.HttpCommandExecutor.execute(HttpCommandExecutor.java:136)<br> org.openqa.selenium.remote.service.DriverCommandExecutor.execute(DriverCommandExecutor.java:83)<br> org.openqa.selenium.remote.RemoteWebDriver.execute(RemoteWebDriver.java:552)<br> org.openqa.selenium.remote.RemoteWebDriver.startSession(RemoteWebDriver.java:213)<br> org.openqa.selenium.remote.RemoteWebDriver.<init>(RemoteWebDriver.java:131)<br> org.openqa.selenium.chrome.ChromeDriver.<init>(ChromeDriver.java:181)<br> org.openqa.selenium.chrome.ChromeDriver.<init>(ChromeDriver.java:168)<br> org.openqa.selenium.chrome.ChromeDriver.<init>(ChromeDriver.java:123)<br> com.qa.testbase.TestBase.openBrowser(TestBase.java:91)<br> com.qa.TestScripts.MouseHoverTest.MouseHoverAction(MouseHoverTest.java:15)<br> java.base/jdk.internal.reflect.DirectMethodHandleAccessor.invoke(DirectMethodHandleAccessor.java:104)<br> java.base/java.lang.reflect.Method.invoke(Method.java:578)<br> org.testng.internal.invokers.MethodInvocationHelper.invokeMethod(MethodInvocationHelper.java:139)<br> org.testng.internal.invokers.TestInvoker.invokeMethod(TestInvoker.java:664)<br> org.testng.internal.invokers.TestInvoker.invokeTestMethod(TestInvoker.java:227)<br> org.testng.internal.invokers.MethodRunner.runInSequence(MethodRunner.java:50)<br> org.testng.internal.invokers.TestInvoker$MethodInvocationAgent.invoke(TestInvoker.java:957)<br> org.testng.internal.invokers.TestInvoker.invokeTestMethods(TestInvoker.java:200)<br> org.testng.internal.invokers.TestMethodWorker.invokeTestMethods(TestMethodWorker.java:148)<br> org.testng.internal.invokers.TestMethodWorker.run(TestMethodWorker.java:128)<br> java.base/java.util.ArrayList.forEach(ArrayList.java:1511)<br> org.testng.TestRunner.privateRun(TestRunner.java:848)<br> org.testng.TestRunner.run(TestRunner.java:621)<br> org.testng.SuiteRunner.runTest(SuiteRunner.java:443)<br> org.testng.SuiteRunner.runSequentially(SuiteRunner.java:437)<br> org.testng.SuiteRunner.privateRun(SuiteRunner.java:397)<br> org.testng.SuiteRunner.run(SuiteRunner.java:336)<br> org.testng.SuiteRunnerWorker.runSuite(SuiteRunnerWorker.java:52)<br> org.testng.SuiteRunnerWorker.run(SuiteRunnerWorker.java:95)<br> org.testng.TestNG.runSuitesSequentially(TestNG.java:1280)<br> org.testng.TestNG.runSuitesLocally(TestNG.java:1200)<br> org.testng.TestNG.runSuites(TestNG.java:1114)<br> org.testng.TestNG.run(TestNG.java:1082)<br> org.testng.remote.AbstractRemoteTestNG.run(AbstractRemoteTestNG.java:115)<br> org.testng.remote.RemoteTestNG.initAndRun(RemoteTestNG.java:251)<br> org.testng.remote.RemoteTestNG.main(RemoteTestNG.java:77)]</details> 

        </td>
      </tr>
      <tr class="event-row">
        <td><span class="badge log fail-bg">Fail</span></td>
        <td>10:24:01 am</td>
        <td>
          <span class='badge white-text red'>TEST CASE FAILED</span>
        </td>
      </tr>
  </tbody>
</table>
</div>
          </div>
        </li>
        <li class="test-item"  status="fail" test-id="6"
          author=""
          tag=""
          device="">
          <div class="test-detail">
            <p class="name">com.qa.TestScripts.DropdownTest @TestCase : testDropdownSelection</p>
            <p class="text-sm">
              <span>10:24:01 am</span> / <span>00:00:03:456</span>
              <span class="badge fail-bg log float-right">Fail</span>
            </p>
          </div>
          <div class="test-contents d-none">
<div class="detail-head">
<div class="p-v-10">
<div class="info">
<h5 class="test-status text-fail">com.qa.TestScripts.DropdownTest @TestCase : testDropdownSelection</h5>
<span class='badge badge-success'>08.24.2023 10:24:01 am</span>
<span class='badge badge-danger'>08.24.2023 10:24:05 am</span>
<span class='badge badge-default'>00:00:03:456</span>
&middot; <span class='uri-anchor badge badge-default'>#test-id=6</span>
<span class='badge badge-default pointer float-right ml-1 et'><i class="fa fa-chevron-down"></i></span>
<span class='badge badge-default pointer float-right ct'><i class="fa fa-chevron-up"></i></span>
</div>
</div>
</div><div class="detail-body mt-4">
<table class="table table-sm">
  <thead><tr><th class="status-col">Status</th><th class="timestamp-col">Timestamp</th><th class="details-col">Details</th></tr></thead>
  <tbody>
      <tr class="event-row">
        <td><span class="badge log fail-bg">Fail</span></td>
        <td>10:24:05 am</td>
        <td>
          <details><summary><b><font color=red>Exception Occured:click to see</font></b></summary>[java.base/jdk.internal.reflect.DirectConstructorHandleAccessor.newInstance(DirectConstructorHandleAccessor.java:67)<br> java.base/java.lang.reflect.Constructor.newInstanceWithCaller(Constructor.java:500)<br> java.base/java.lang.reflect.Constructor.newInstance(Constructor.java:484)<br> org.openqa.selenium.remote.W3CHandshakeResponse.lambda$errorHandler$0(W3CHandshakeResponse.java:62)<br> org.openqa.selenium.remote.HandshakeResponse.lambda$getResponseFunction$0(HandshakeResponse.java:30)<br> org.openqa.selenium.remote.ProtocolHandshake.lambda$createSession$0(ProtocolHandshake.java:126)<br> java.base/java.util.stream.ReferencePipeline$3$1.accept(ReferencePipeline.java:197)<br> java.base/java.util.Spliterators$ArraySpliterator.tryAdvance(Spliterators.java:1016)<br> java.base/java.util.stream.ReferencePipeline.forEachWithCancel(ReferencePipeline.java:129)<br> java.base/java.util.stream.AbstractPipeline.copyIntoWithCancel(AbstractPipeline.java:527)<br> java.base/java.util.stream.AbstractPipeline.copyInto(AbstractPipeline.java:513)<br> java.base/java.util.stream.AbstractPipeline.wrapAndCopyInto(AbstractPipeline.java:499)<br> java.base/java.util.stream.FindOps$FindOp.evaluateSequential(FindOps.java:150)<br> java.base/java.util.stream.AbstractPipeline.evaluate(AbstractPipeline.java:234)<br> java.base/java.util.stream.ReferencePipeline.findFirst(ReferencePipeline.java:647)<br> org.openqa.selenium.remote.ProtocolHandshake.createSession(ProtocolHandshake.java:128)<br> org.openqa.selenium.remote.ProtocolHandshake.createSession(ProtocolHandshake.java:74)<br> org.openqa.selenium.remote.HttpCommandExecutor.execute(HttpCommandExecutor.java:136)<br> org.openqa.selenium.remote.service.DriverCommandExecutor.execute(DriverCommandExecutor.java:83)<br> org.openqa.selenium.remote.RemoteWebDriver.execute(RemoteWebDriver.java:552)<br> org.openqa.selenium.remote.RemoteWebDriver.startSession(RemoteWebDriver.java:213)<br> org.openqa.selenium.remote.RemoteWebDriver.<init>(RemoteWebDriver.java:131)<br> org.openqa.selenium.chrome.ChromeDriver.<init>(ChromeDriver.java:181)<br> org.openqa.selenium.chrome.ChromeDriver.<init>(ChromeDriver.java:168)<br> org.openqa.selenium.chrome.ChromeDriver.<init>(ChromeDriver.java:123)<br> com.qa.testbase.TestBase.openBrowser(TestBase.java:91)<br> com.qa.TestScripts.DropdownTest.testDropdownSelection(DropdownTest.java:15)<br> java.base/jdk.internal.reflect.DirectMethodHandleAccessor.invoke(DirectMethodHandleAccessor.java:104)<br> java.base/java.lang.reflect.Method.invoke(Method.java:578)<br> org.testng.internal.invokers.MethodInvocationHelper.invokeMethod(MethodInvocationHelper.java:139)<br> org.testng.internal.invokers.TestInvoker.invokeMethod(TestInvoker.java:664)<br> org.testng.internal.invokers.TestInvoker.invokeTestMethod(TestInvoker.java:227)<br> org.testng.internal.invokers.MethodRunner.runInSequence(MethodRunner.java:50)<br> org.testng.internal.invokers.TestInvoker$MethodInvocationAgent.invoke(TestInvoker.java:957)<br> org.testng.internal.invokers.TestInvoker.invokeTestMethods(TestInvoker.java:200)<br> org.testng.internal.invokers.TestMethodWorker.invokeTestMethods(TestMethodWorker.java:148)<br> org.testng.internal.invokers.TestMethodWorker.run(TestMethodWorker.java:128)<br> java.base/java.util.ArrayList.forEach(ArrayList.java:1511)<br> org.testng.TestRunner.privateRun(TestRunner.java:848)<br> org.testng.TestRunner.run(TestRunner.java:621)<br> org.testng.SuiteRunner.runTest(SuiteRunner.java:443)<br> org.testng.SuiteRunner.runSequentially(SuiteRunner.java:437)<br> org.testng.SuiteRunner.privateRun(SuiteRunner.java:397)<br> org.testng.SuiteRunner.run(SuiteRunner.java:336)<br> org.testng.SuiteRunnerWorker.runSuite(SuiteRunnerWorker.java:52)<br> org.testng.SuiteRunnerWorker.run(SuiteRunnerWorker.java:95)<br> org.testng.TestNG.runSuitesSequentially(TestNG.java:1280)<br> org.testng.TestNG.runSuitesLocally(TestNG.java:1200)<br> org.testng.TestNG.runSuites(TestNG.java:1114)<br> org.testng.TestNG.run(TestNG.java:1082)<br> org.testng.remote.AbstractRemoteTestNG.run(AbstractRemoteTestNG.java:115)<br> org.testng.remote.RemoteTestNG.initAndRun(RemoteTestNG.java:251)<br> org.testng.remote.RemoteTestNG.main(RemoteTestNG.java:77)]</details> 

        </td>
      </tr>
      <tr class="event-row">
        <td><span class="badge log fail-bg">Fail</span></td>
        <td>10:24:05 am</td>
        <td>
          <span class='badge white-text red'>TEST CASE FAILED</span>
        </td>
      </tr>
  </tbody>
</table>
</div>
          </div>
        </li>
        <li class="test-item"  status="fail" test-id="7"
          author=""
          tag=""
          device="">
          <div class="test-detail">
            <p class="name">com.qa.TestScripts.AlertPageTest @TestCase : HandleAlert</p>
            <p class="text-sm">
              <span>10:24:05 am</span> / <span>00:00:03:443</span>
              <span class="badge fail-bg log float-right">Fail</span>
            </p>
          </div>
          <div class="test-contents d-none">
<div class="detail-head">
<div class="p-v-10">
<div class="info">
<h5 class="test-status text-fail">com.qa.TestScripts.AlertPageTest @TestCase : HandleAlert</h5>
<span class='badge badge-success'>08.24.2023 10:24:05 am</span>
<span class='badge badge-danger'>08.24.2023 10:24:08 am</span>
<span class='badge badge-default'>00:00:03:443</span>
&middot; <span class='uri-anchor badge badge-default'>#test-id=7</span>
<span class='badge badge-default pointer float-right ml-1 et'><i class="fa fa-chevron-down"></i></span>
<span class='badge badge-default pointer float-right ct'><i class="fa fa-chevron-up"></i></span>
</div>
</div>
</div><div class="detail-body mt-4">
<table class="table table-sm">
  <thead><tr><th class="status-col">Status</th><th class="timestamp-col">Timestamp</th><th class="details-col">Details</th></tr></thead>
  <tbody>
      <tr class="event-row">
        <td><span class="badge log fail-bg">Fail</span></td>
        <td>10:24:08 am</td>
        <td>
          <details><summary><b><font color=red>Exception Occured:click to see</font></b></summary>[java.base/jdk.internal.reflect.DirectConstructorHandleAccessor.newInstance(DirectConstructorHandleAccessor.java:67)<br> java.base/java.lang.reflect.Constructor.newInstanceWithCaller(Constructor.java:500)<br> java.base/java.lang.reflect.Constructor.newInstance(Constructor.java:484)<br> org.openqa.selenium.remote.W3CHandshakeResponse.lambda$errorHandler$0(W3CHandshakeResponse.java:62)<br> org.openqa.selenium.remote.HandshakeResponse.lambda$getResponseFunction$0(HandshakeResponse.java:30)<br> org.openqa.selenium.remote.ProtocolHandshake.lambda$createSession$0(ProtocolHandshake.java:126)<br> java.base/java.util.stream.ReferencePipeline$3$1.accept(ReferencePipeline.java:197)<br> java.base/java.util.Spliterators$ArraySpliterator.tryAdvance(Spliterators.java:1016)<br> java.base/java.util.stream.ReferencePipeline.forEachWithCancel(ReferencePipeline.java:129)<br> java.base/java.util.stream.AbstractPipeline.copyIntoWithCancel(AbstractPipeline.java:527)<br> java.base/java.util.stream.AbstractPipeline.copyInto(AbstractPipeline.java:513)<br> java.base/java.util.stream.AbstractPipeline.wrapAndCopyInto(AbstractPipeline.java:499)<br> java.base/java.util.stream.FindOps$FindOp.evaluateSequential(FindOps.java:150)<br> java.base/java.util.stream.AbstractPipeline.evaluate(AbstractPipeline.java:234)<br> java.base/java.util.stream.ReferencePipeline.findFirst(ReferencePipeline.java:647)<br> org.openqa.selenium.remote.ProtocolHandshake.createSession(ProtocolHandshake.java:128)<br> org.openqa.selenium.remote.ProtocolHandshake.createSession(ProtocolHandshake.java:74)<br> org.openqa.selenium.remote.HttpCommandExecutor.execute(HttpCommandExecutor.java:136)<br> org.openqa.selenium.remote.service.DriverCommandExecutor.execute(DriverCommandExecutor.java:83)<br> org.openqa.selenium.remote.RemoteWebDriver.execute(RemoteWebDriver.java:552)<br> org.openqa.selenium.remote.RemoteWebDriver.startSession(RemoteWebDriver.java:213)<br> org.openqa.selenium.remote.RemoteWebDriver.<init>(RemoteWebDriver.java:131)<br> org.openqa.selenium.chrome.ChromeDriver.<init>(ChromeDriver.java:181)<br> org.openqa.selenium.chrome.ChromeDriver.<init>(ChromeDriver.java:168)<br> org.openqa.selenium.chrome.ChromeDriver.<init>(ChromeDriver.java:123)<br> com.qa.testbase.TestBase.openBrowser(TestBase.java:91)<br> com.qa.TestScripts.AlertPageTest.HandleAlert(AlertPageTest.java:15)<br> java.base/jdk.internal.reflect.DirectMethodHandleAccessor.invoke(DirectMethodHandleAccessor.java:104)<br> java.base/java.lang.reflect.Method.invoke(Method.java:578)<br> org.testng.internal.invokers.MethodInvocationHelper.invokeMethod(MethodInvocationHelper.java:139)<br> org.testng.internal.invokers.TestInvoker.invokeMethod(TestInvoker.java:664)<br> org.testng.internal.invokers.TestInvoker.invokeTestMethod(TestInvoker.java:227)<br> org.testng.internal.invokers.MethodRunner.runInSequence(MethodRunner.java:50)<br> org.testng.internal.invokers.TestInvoker$MethodInvocationAgent.invoke(TestInvoker.java:957)<br> org.testng.internal.invokers.TestInvoker.invokeTestMethods(TestInvoker.java:200)<br> org.testng.internal.invokers.TestMethodWorker.invokeTestMethods(TestMethodWorker.java:148)<br> org.testng.internal.invokers.TestMethodWorker.run(TestMethodWorker.java:128)<br> java.base/java.util.ArrayList.forEach(ArrayList.java:1511)<br> org.testng.TestRunner.privateRun(TestRunner.java:848)<br> org.testng.TestRunner.run(TestRunner.java:621)<br> org.testng.SuiteRunner.runTest(SuiteRunner.java:443)<br> org.testng.SuiteRunner.runSequentially(SuiteRunner.java:437)<br> org.testng.SuiteRunner.privateRun(SuiteRunner.java:397)<br> org.testng.SuiteRunner.run(SuiteRunner.java:336)<br> org.testng.SuiteRunnerWorker.runSuite(SuiteRunnerWorker.java:52)<br> org.testng.SuiteRunnerWorker.run(SuiteRunnerWorker.java:95)<br> org.testng.TestNG.runSuitesSequentially(TestNG.java:1280)<br> org.testng.TestNG.runSuitesLocally(TestNG.java:1200)<br> org.testng.TestNG.runSuites(TestNG.java:1114)<br> org.testng.TestNG.run(TestNG.java:1082)<br> org.testng.remote.AbstractRemoteTestNG.run(AbstractRemoteTestNG.java:115)<br> org.testng.remote.RemoteTestNG.initAndRun(RemoteTestNG.java:251)<br> org.testng.remote.RemoteTestNG.main(RemoteTestNG.java:77)]</details> 

        </td>
      </tr>
      <tr class="event-row">
        <td><span class="badge log fail-bg">Fail</span></td>
        <td>10:24:08 am</td>
        <td>
          <span class='badge white-text red'>TEST CASE FAILED</span>
        </td>
      </tr>
  </tbody>
</table>
</div>
          </div>
        </li>
        <li class="test-item"  status="fail" test-id="8"
          author=""
          tag=""
          device="">
          <div class="test-detail">
            <p class="name">com.qa.TestScripts.DynamicRadioButtonTest @TestCase : HandleDynamicRadioButtonTest</p>
            <p class="text-sm">
              <span>10:24:08 am</span> / <span>00:00:03:448</span>
              <span class="badge fail-bg log float-right">Fail</span>
            </p>
          </div>
          <div class="test-contents d-none">
<div class="detail-head">
<div class="p-v-10">
<div class="info">
<h5 class="test-status text-fail">com.qa.TestScripts.DynamicRadioButtonTest @TestCase : HandleDynamicRadioButtonTest</h5>
<span class='badge badge-success'>08.24.2023 10:24:08 am</span>
<span class='badge badge-danger'>08.24.2023 10:24:11 am</span>
<span class='badge badge-default'>00:00:03:448</span>
&middot; <span class='uri-anchor badge badge-default'>#test-id=8</span>
<span class='badge badge-default pointer float-right ml-1 et'><i class="fa fa-chevron-down"></i></span>
<span class='badge badge-default pointer float-right ct'><i class="fa fa-chevron-up"></i></span>
</div>
</div>
</div><div class="detail-body mt-4">
<table class="table table-sm">
  <thead><tr><th class="status-col">Status</th><th class="timestamp-col">Timestamp</th><th class="details-col">Details</th></tr></thead>
  <tbody>
      <tr class="event-row">
        <td><span class="badge log fail-bg">Fail</span></td>
        <td>10:24:11 am</td>
        <td>
          <details><summary><b><font color=red>Exception Occured:click to see</font></b></summary>[java.base/jdk.internal.reflect.DirectConstructorHandleAccessor.newInstance(DirectConstructorHandleAccessor.java:67)<br> java.base/java.lang.reflect.Constructor.newInstanceWithCaller(Constructor.java:500)<br> java.base/java.lang.reflect.Constructor.newInstance(Constructor.java:484)<br> org.openqa.selenium.remote.W3CHandshakeResponse.lambda$errorHandler$0(W3CHandshakeResponse.java:62)<br> org.openqa.selenium.remote.HandshakeResponse.lambda$getResponseFunction$0(HandshakeResponse.java:30)<br> org.openqa.selenium.remote.ProtocolHandshake.lambda$createSession$0(ProtocolHandshake.java:126)<br> java.base/java.util.stream.ReferencePipeline$3$1.accept(ReferencePipeline.java:197)<br> java.base/java.util.Spliterators$ArraySpliterator.tryAdvance(Spliterators.java:1016)<br> java.base/java.util.stream.ReferencePipeline.forEachWithCancel(ReferencePipeline.java:129)<br> java.base/java.util.stream.AbstractPipeline.copyIntoWithCancel(AbstractPipeline.java:527)<br> java.base/java.util.stream.AbstractPipeline.copyInto(AbstractPipeline.java:513)<br> java.base/java.util.stream.AbstractPipeline.wrapAndCopyInto(AbstractPipeline.java:499)<br> java.base/java.util.stream.FindOps$FindOp.evaluateSequential(FindOps.java:150)<br> java.base/java.util.stream.AbstractPipeline.evaluate(AbstractPipeline.java:234)<br> java.base/java.util.stream.ReferencePipeline.findFirst(ReferencePipeline.java:647)<br> org.openqa.selenium.remote.ProtocolHandshake.createSession(ProtocolHandshake.java:128)<br> org.openqa.selenium.remote.ProtocolHandshake.createSession(ProtocolHandshake.java:74)<br> org.openqa.selenium.remote.HttpCommandExecutor.execute(HttpCommandExecutor.java:136)<br> org.openqa.selenium.remote.service.DriverCommandExecutor.execute(DriverCommandExecutor.java:83)<br> org.openqa.selenium.remote.RemoteWebDriver.execute(RemoteWebDriver.java:552)<br> org.openqa.selenium.remote.RemoteWebDriver.startSession(RemoteWebDriver.java:213)<br> org.openqa.selenium.remote.RemoteWebDriver.<init>(RemoteWebDriver.java:131)<br> org.openqa.selenium.chrome.ChromeDriver.<init>(ChromeDriver.java:181)<br> org.openqa.selenium.chrome.ChromeDriver.<init>(ChromeDriver.java:168)<br> org.openqa.selenium.chrome.ChromeDriver.<init>(ChromeDriver.java:123)<br> com.qa.testbase.TestBase.openBrowser(TestBase.java:91)<br> com.qa.TestScripts.DynamicRadioButtonTest.HandleDynamicRadioButtonTest(DynamicRadioButtonTest.java:17)<br> java.base/jdk.internal.reflect.DirectMethodHandleAccessor.invoke(DirectMethodHandleAccessor.java:104)<br> java.base/java.lang.reflect.Method.invoke(Method.java:578)<br> org.testng.internal.invokers.MethodInvocationHelper.invokeMethod(MethodInvocationHelper.java:139)<br> org.testng.internal.invokers.TestInvoker.invokeMethod(TestInvoker.java:664)<br> org.testng.internal.invokers.TestInvoker.invokeTestMethod(TestInvoker.java:227)<br> org.testng.internal.invokers.MethodRunner.runInSequence(MethodRunner.java:50)<br> org.testng.internal.invokers.TestInvoker$MethodInvocationAgent.invoke(TestInvoker.java:957)<br> org.testng.internal.invokers.TestInvoker.invokeTestMethods(TestInvoker.java:200)<br> org.testng.internal.invokers.TestMethodWorker.invokeTestMethods(TestMethodWorker.java:148)<br> org.testng.internal.invokers.TestMethodWorker.run(TestMethodWorker.java:128)<br> java.base/java.util.ArrayList.forEach(ArrayList.java:1511)<br> org.testng.TestRunner.privateRun(TestRunner.java:848)<br> org.testng.TestRunner.run(TestRunner.java:621)<br> org.testng.SuiteRunner.runTest(SuiteRunner.java:443)<br> org.testng.SuiteRunner.runSequentially(SuiteRunner.java:437)<br> org.testng.SuiteRunner.privateRun(SuiteRunner.java:397)<br> org.testng.SuiteRunner.run(SuiteRunner.java:336)<br> org.testng.SuiteRunnerWorker.runSuite(SuiteRunnerWorker.java:52)<br> org.testng.SuiteRunnerWorker.run(SuiteRunnerWorker.java:95)<br> org.testng.TestNG.runSuitesSequentially(TestNG.java:1280)<br> org.testng.TestNG.runSuitesLocally(TestNG.java:1200)<br> org.testng.TestNG.runSuites(TestNG.java:1114)<br> org.testng.TestNG.run(TestNG.java:1082)<br> org.testng.remote.AbstractRemoteTestNG.run(AbstractRemoteTestNG.java:115)<br> org.testng.remote.RemoteTestNG.initAndRun(RemoteTestNG.java:251)<br> org.testng.remote.RemoteTestNG.main(RemoteTestNG.java:77)]</details> 

        </td>
      </tr>
      <tr class="event-row">
        <td><span class="badge log fail-bg">Fail</span></td>
        <td>10:24:11 am</td>
        <td>
          <span class='badge white-text red'>TEST CASE FAILED</span>
        </td>
      </tr>
  </tbody>
</table>
</div>
          </div>
        </li>
      </ul>
    </div>
  </div>
<div class="test-content scrollable">
<div class="test-content-tools">
<ul><li><a class="back-to-test" href="#"><i class="fa fa-arrow-left"></i></a></li></ul>
</div>
<div class="test-content-detail"><div class="detail-body"></div></div>
</div></div>
<div class="container-fluid p-4 view dashboard-view">
<div class="row">
<div class="col-md-3">
<div class="card"><div class="card-body">
<p class="m-b-0">Started</p>
<h3>Aug 24, 2023 10:23:35 am</h3>
</div></div>
</div>
<div class="col-md-3">
<div class="card"><div class="card-body">
<p class="m-b-0">Ended</p>
<h3>Aug 24, 2023 10:24:12 am</h3>
</div></div>
</div>
<div class="col-md-3">
<div class="card"><div class="card-body">
<p class="m-b-0 text-pass">Tests Passed</p>
<h3>0</h3>
</div></div>
</div>
<div class="col-md-3">
<div class="card"><div class="card-body">
<p class="m-b-0 text-fail">Tests Failed</p>
<h3>8</h3>
</div></div>
</div>
</div>
<div class="row">
<div class="col-md-6">
<div class="card">
<div class="card-header">
<h6 class="card-title">Tests</h6>
</div>
<div class="card-body">
<div class="">
<canvas id='parent-analysis' width='115' height='90'></canvas>
</div>
</div>
<div class="card-footer">
<div><small data-tooltip='0%'>
<b>0</b> tests passed
</small>
</div>
<div>
<small data-tooltip='100%'><b>8</b> tests failed,
<b>0</b> skipped, <b data-tooltip='0%'>0</b> others
</small>
</div>
</div>
</div>
</div>
<div class="col-md-6">
<div class="card">
<div class="card-header">
<h6 class="card-title">Log events</h6>
</div>
<div class="card-body">
<div class="">
<canvas id='events-analysis' width='115' height='90'></canvas>
</div>
</div>
<div class="card-footer">
<div><small data-tooltip='0%'><b>0</b> events passed</small></div>
<div>
<small data-tooltip='100%'><b>16</b> events failed,
<b data-tooltip='%'>0</b> others
</small>
</div>
</div>
</div>
</div>
</div>
<div class="row"><div class="col-md-12">
<div class="card"><div class="card-header"><p>Timeline</p></div>
<div class="card-body pt-0"><div>
<canvas id="timeline" height="120"></canvas>
</div></div>
</div>
</div></div>
<script>
var timeline = {
"com.qa.TestScripts.WebTableTest @TestCase : testCellValue":11.589,"com.qa.TestScripts.DynamicCheckboxTest @TestCase : HandleDynamicCheckboxesTest":3.497,"com.qa.TestScripts.SimpleCheckboxTest @TestCase : testCheckbox":3.355,"com.qa.TestScripts.WindowHandleTest @TestCase : HandleWindows":3.501,"com.qa.TestScripts.MouseHoverTest @TestCase : MouseHoverAction":3.539,"com.qa.TestScripts.DropdownTest @TestCase : testDropdownSelection":3.456,"com.qa.TestScripts.AlertPageTest @TestCase : HandleAlert":3.443,"com.qa.TestScripts.DynamicRadioButtonTest @TestCase : HandleDynamicRadioButtonTest":3.448
};
</script>
<div class="row">
<div class="col-lg-6 col-md-12 sysenv-container">
<div class="card">
<div class="card-header"><p>System/Environment</p></div>
<div class="card-body pb-0 pt-0"><table class="table table-sm table-bordered">
<thead><tr class="bg-gray"><th>Name</th><th>Value</th></tr></thead>
<tbody>
<tr>
<td>Automation Tester</td>
<td>Shekhar Zambare</td>
</tr>
<tr>
<td>Project Domain</td>
<td>BankApplication</td>
</tr>
<tr>
<td>Build no</td>
<td>1.0</td>
</tr>
</tbody>
</table></div>
</div>
</div>
</div>
</div>
<script>
var statusGroup = {
parentCount: 5,
passParent: 0,
failParent: 8,
warningParent: 0,
skipParent: 0,
childCount: 5,
passChild: 0,
failChild: 0,
warningChild: 0,
skipChild: 0,
infoChild: 0,
grandChildCount: 5,
passGrandChild: 0,
failGrandChild: 0,
warningGrandChild: 0,
skipGrandChild: 0,
infoGrandChild: 0,
eventsCount: 5,
passEvents: 0,
failEvents: 16,
warningEvents: 0,
skipEvents: 0,
infoEvents: 0
};
</script>        </div>
      </div>
    </div>
  </div>
<script src="https://cdn.jsdelivr.net/gh/extent-framework/extent-github-cdn@d6562a79075e061305ccfdb82f01e5e195e2d307/spark/js/spark-script.js"></script>
<script type="text/javascript"></script></body>
</html>