<?xml version="1.0" encoding="UTF-8"?>
<!-- Generated by org.testng.reporters.JUnitXMLReporter -->
<testsuite ignored="0" hostname="impetus-bl0541" failures="8" tests="8" name="Test" time="35.978" errors="0" timestamp="2023-08-24T10:24:12 IST">
  <testcase classname="com.qa.testbase.TestBase" name="@AfterMethod teardown" time="0.002">
    <failure type="java.lang.NullPointerException" message="Cannot invoke &amp;quot;org.openqa.selenium.WebDriver.quit()&amp;quot; because &amp;quot;com.qa.testbase.TestBase.driver&amp;quot; is null">
      <![CDATA[java.lang.NullPointerException: Cannot invoke "org.openqa.selenium.WebDriver.quit()" because "com.qa.testbase.TestBase.driver" is null
at com.qa.testbase.TestBase.teardown(TestBase.java:109)
at java.base/java.util.ArrayList.forEach(ArrayList.java:1511)
... Removed 30 stack frames]]>
    </failure>
  </testcase> <!-- @AfterMethod teardown -->
  <testcase classname="com.qa.testbase.TestBase" name="@AfterMethod teardown" time="0.001">
    <failure type="java.lang.NullPointerException" message="Cannot invoke &amp;quot;org.openqa.selenium.WebDriver.quit()&amp;quot; because &amp;quot;com.qa.testbase.TestBase.driver&amp;quot; is null">
      <![CDATA[java.lang.NullPointerException: Cannot invoke "org.openqa.selenium.WebDriver.quit()" because "com.qa.testbase.TestBase.driver" is null
at com.qa.testbase.TestBase.teardown(TestBase.java:109)
at java.base/java.util.ArrayList.forEach(ArrayList.java:1511)
... Removed 30 stack frames]]>
    </failure>
  </testcase> <!-- @AfterMethod teardown -->
  <testcase classname="com.qa.testbase.TestBase" name="@AfterMethod teardown" time="0.001">
    <failure type="java.lang.NullPointerException" message="Cannot invoke &amp;quot;org.openqa.selenium.WebDriver.quit()&amp;quot; because &amp;quot;com.qa.testbase.TestBase.driver&amp;quot; is null">
      <![CDATA[java.lang.NullPointerException: Cannot invoke "org.openqa.selenium.WebDriver.quit()" because "com.qa.testbase.TestBase.driver" is null
at com.qa.testbase.TestBase.teardown(TestBase.java:109)
at java.base/java.util.ArrayList.forEach(ArrayList.java:1511)
... Removed 30 stack frames]]>
    </failure>
  </testcase> <!-- @AfterMethod teardown -->
  <testcase classname="com.qa.testbase.TestBase" name="@AfterMethod teardown" time="0.0">
    <failure type="java.lang.NullPointerException" message="Cannot invoke &amp;quot;org.openqa.selenium.WebDriver.quit()&amp;quot; because &amp;quot;com.qa.testbase.TestBase.driver&amp;quot; is null">
      <![CDATA[java.lang.NullPointerException: Cannot invoke "org.openqa.selenium.WebDriver.quit()" because "com.qa.testbase.TestBase.driver" is null
at com.qa.testbase.TestBase.teardown(TestBase.java:109)
at java.base/java.util.ArrayList.forEach(ArrayList.java:1511)
... Removed 30 stack frames]]>
    </failure>
  </testcase> <!-- @AfterMethod teardown -->
  <testcase classname="com.qa.testbase.TestBase" name="@AfterMethod teardown" time="0.001">
    <failure type="java.lang.NullPointerException" message="Cannot invoke &amp;quot;org.openqa.selenium.WebDriver.quit()&amp;quot; because &amp;quot;com.qa.testbase.TestBase.driver&amp;quot; is null">
      <![CDATA[java.lang.NullPointerException: Cannot invoke "org.openqa.selenium.WebDriver.quit()" because "com.qa.testbase.TestBase.driver" is null
at com.qa.testbase.TestBase.teardown(TestBase.java:109)
at java.base/java.util.ArrayList.forEach(ArrayList.java:1511)
... Removed 30 stack frames]]>
    </failure>
  </testcase> <!-- @AfterMethod teardown -->
  <testcase classname="com.qa.testbase.TestBase" name="@AfterMethod teardown" time="0.001">
    <failure type="java.lang.NullPointerException" message="Cannot invoke &amp;quot;org.openqa.selenium.WebDriver.quit()&amp;quot; because &amp;quot;com.qa.testbase.TestBase.driver&amp;quot; is null">
      <![CDATA[java.lang.NullPointerException: Cannot invoke "org.openqa.selenium.WebDriver.quit()" because "com.qa.testbase.TestBase.driver" is null
at com.qa.testbase.TestBase.teardown(TestBase.java:109)
at java.base/java.util.ArrayList.forEach(ArrayList.java:1511)
... Removed 30 stack frames]]>
    </failure>
  </testcase> <!-- @AfterMethod teardown -->
  <testcase classname="com.qa.testbase.TestBase" name="@AfterMethod teardown" time="0.001">
    <failure type="java.lang.NullPointerException" message="Cannot invoke &amp;quot;org.openqa.selenium.WebDriver.quit()&amp;quot; because &amp;quot;com.qa.testbase.TestBase.driver&amp;quot; is null">
      <![CDATA[java.lang.NullPointerException: Cannot invoke "org.openqa.selenium.WebDriver.quit()" because "com.qa.testbase.TestBase.driver" is null
at com.qa.testbase.TestBase.teardown(TestBase.java:109)
at java.base/java.util.ArrayList.forEach(ArrayList.java:1511)
... Removed 30 stack frames]]>
    </failure>
  </testcase> <!-- @AfterMethod teardown -->
  <testcase classname="com.qa.testbase.TestBase" name="@AfterMethod teardown" time="0.001">
    <failure type="java.lang.NullPointerException" message="Cannot invoke &amp;quot;org.openqa.selenium.WebDriver.quit()&amp;quot; because &amp;quot;com.qa.testbase.TestBase.driver&amp;quot; is null">
      <![CDATA[java.lang.NullPointerException: Cannot invoke "org.openqa.selenium.WebDriver.quit()" because "com.qa.testbase.TestBase.driver" is null
at com.qa.testbase.TestBase.teardown(TestBase.java:109)
at java.base/java.util.ArrayList.forEach(ArrayList.java:1511)
... Removed 30 stack frames]]>
    </failure>
  </testcase> <!-- @AfterMethod teardown -->
  <testcase classname="com.qa.TestScripts.WebTableTest" name="testCellValue" time="11.59">
    <failure type="org.openqa.selenium.SessionNotCreatedException" message="session not created: This version of ChromeDriver only supports Chrome version 114
Current browser version is 116.0.5845.97 with binary path C:\Users\shekhar.zambare\AppData\Local\Google\Chrome\Application\chrome.exe
Build info: version: &amp;apos;3.141.59&amp;apos;, revision: &amp;apos;e82be7d358&amp;apos;, time: &amp;apos;2018-11-14T08:17:03&amp;apos;
System info: host: &amp;apos;IMPETUS-BL0541&amp;apos;, ip: &amp;apos;172.23.192.1&amp;apos;, os.name: &amp;apos;Windows 10&amp;apos;, os.arch: &amp;apos;amd64&amp;apos;, os.version: &amp;apos;10.0&amp;apos;, java.version: &amp;apos;19.0.2&amp;apos;
Driver info: driver.version: ChromeDriver
remote stacktrace: Backtrace:
	GetHandleVerifier [0x002AA813+48355]
	(No symbol) [0x0023C4B1]
	(No symbol) [0x00145358]
	(No symbol) [0x001661AC]
	(No symbol) [0x00161EF3]
	(No symbol) [0x00160579]
	(No symbol) [0x00190C55]
	(No symbol) [0x0019093C]
	(No symbol) [0x0018A536]
	(No symbol) [0x001682DC]
	(No symbol) [0x001693DD]
	GetHandleVerifier [0x0050AABD+2539405]
	GetHandleVerifier [0x0054A78F+2800735]
	GetHandleVerifier [0x0054456C+2775612]
	GetHandleVerifier [0x003351E0+616112]
	(No symbol) [0x00245F8C]
	(No symbol) [0x00242328]
	(No symbol) [0x0024240B]
	(No symbol) [0x00234FF7]
	BaseThreadInitThunk [0x75CE00C9+25]
	RtlGetAppContainerNamedObjectPath [0x77047B1E+286]
	RtlGetAppContainerNamedObjectPath [0x77047AEE+238]
	(No symbol) [0x00000000]
">
      <![CDATA[org.openqa.selenium.SessionNotCreatedException: session not created: This version of ChromeDriver only supports Chrome version 114
Current browser version is 116.0.5845.97 with binary path C:\Users\shekhar.zambare\AppData\Local\Google\Chrome\Application\chrome.exe
Build info: version: '3.141.59', revision: 'e82be7d358', time: '2018-11-14T08:17:03'
System info: host: 'IMPETUS-BL0541', ip: '172.23.192.1', os.name: 'Windows 10', os.arch: 'amd64', os.version: '10.0', java.version: '19.0.2'
Driver info: driver.version: ChromeDriver
remote stacktrace: Backtrace:
GetHandleVerifier [0x002AA813+48355]
(No symbol) [0x0023C4B1]
(No symbol) [0x00145358]
(No symbol) [0x001661AC]
(No symbol) [0x00161EF3]
(No symbol) [0x00160579]
(No symbol) [0x00190C55]
(No symbol) [0x0019093C]
(No symbol) [0x0018A536]
(No symbol) [0x001682DC]
(No symbol) [0x001693DD]
GetHandleVerifier [0x0050AABD+2539405]
GetHandleVerifier [0x0054A78F+2800735]
GetHandleVerifier [0x0054456C+2775612]
GetHandleVerifier [0x003351E0+616112]
(No symbol) [0x00245F8C]
(No symbol) [0x00242328]
(No symbol) [0x0024240B]
(No symbol) [0x00234FF7]
BaseThreadInitThunk [0x75CE00C9+25]
RtlGetAppContainerNamedObjectPath [0x77047B1E+286]
RtlGetAppContainerNamedObjectPath [0x77047AEE+238]
(No symbol) [0x00000000]

at org.openqa.selenium.remote.W3CHandshakeResponse.lambda$errorHandler$0(W3CHandshakeResponse.java:62)
at org.openqa.selenium.remote.HandshakeResponse.lambda$getResponseFunction$0(HandshakeResponse.java:30)
at org.openqa.selenium.remote.ProtocolHandshake.lambda$createSession$0(ProtocolHandshake.java:126)
at java.base/java.util.stream.ReferencePipeline$3$1.accept(ReferencePipeline.java:197)
at java.base/java.util.Spliterators$ArraySpliterator.tryAdvance(Spliterators.java:1016)
at java.base/java.util.stream.ReferencePipeline.forEachWithCancel(ReferencePipeline.java:129)
at java.base/java.util.stream.AbstractPipeline.copyIntoWithCancel(AbstractPipeline.java:527)
at java.base/java.util.stream.AbstractPipeline.copyInto(AbstractPipeline.java:513)
at java.base/java.util.stream.AbstractPipeline.wrapAndCopyInto(AbstractPipeline.java:499)
at java.base/java.util.stream.FindOps$FindOp.evaluateSequential(FindOps.java:150)
at java.base/java.util.stream.AbstractPipeline.evaluate(AbstractPipeline.java:234)
at java.base/java.util.stream.ReferencePipeline.findFirst(ReferencePipeline.java:647)
at org.openqa.selenium.remote.ProtocolHandshake.createSession(ProtocolHandshake.java:128)
at org.openqa.selenium.remote.ProtocolHandshake.createSession(ProtocolHandshake.java:74)
at org.openqa.selenium.remote.HttpCommandExecutor.execute(HttpCommandExecutor.java:136)
at org.openqa.selenium.remote.service.DriverCommandExecutor.execute(DriverCommandExecutor.java:83)
at org.openqa.selenium.remote.RemoteWebDriver.execute(RemoteWebDriver.java:552)
at org.openqa.selenium.remote.RemoteWebDriver.startSession(RemoteWebDriver.java:213)
at org.openqa.selenium.remote.RemoteWebDriver.<init>(RemoteWebDriver.java:131)
at org.openqa.selenium.chrome.ChromeDriver.<init>(ChromeDriver.java:181)
at org.openqa.selenium.chrome.ChromeDriver.<init>(ChromeDriver.java:168)
at org.openqa.selenium.chrome.ChromeDriver.<init>(ChromeDriver.java:123)
at com.qa.testbase.TestBase.openBrowser(TestBase.java:91)
at com.qa.TestScripts.WebTableTest.testCellValue(WebTableTest.java:16)
at java.base/java.util.ArrayList.forEach(ArrayList.java:1511)
... Removed 28 stack frames]]>
    </failure>
  </testcase> <!-- testCellValue -->
  <testcase classname="com.qa.TestScripts.DynamicCheckboxTest" name="HandleDynamicCheckboxesTest" time="3.497">
    <failure type="org.openqa.selenium.SessionNotCreatedException" message="session not created: This version of ChromeDriver only supports Chrome version 114
Current browser version is 116.0.5845.97 with binary path C:\Users\shekhar.zambare\AppData\Local\Google\Chrome\Application\chrome.exe
Build info: version: &amp;apos;3.141.59&amp;apos;, revision: &amp;apos;e82be7d358&amp;apos;, time: &amp;apos;2018-11-14T08:17:03&amp;apos;
System info: host: &amp;apos;IMPETUS-BL0541&amp;apos;, ip: &amp;apos;172.23.192.1&amp;apos;, os.name: &amp;apos;Windows 10&amp;apos;, os.arch: &amp;apos;amd64&amp;apos;, os.version: &amp;apos;10.0&amp;apos;, java.version: &amp;apos;19.0.2&amp;apos;
Driver info: driver.version: ChromeDriver
remote stacktrace: Backtrace:
	GetHandleVerifier [0x002AA813+48355]
	(No symbol) [0x0023C4B1]
	(No symbol) [0x00145358]
	(No symbol) [0x001661AC]
	(No symbol) [0x00161EF3]
	(No symbol) [0x00160579]
	(No symbol) [0x00190C55]
	(No symbol) [0x0019093C]
	(No symbol) [0x0018A536]
	(No symbol) [0x001682DC]
	(No symbol) [0x001693DD]
	GetHandleVerifier [0x0050AABD+2539405]
	GetHandleVerifier [0x0054A78F+2800735]
	GetHandleVerifier [0x0054456C+2775612]
	GetHandleVerifier [0x003351E0+616112]
	(No symbol) [0x00245F8C]
	(No symbol) [0x00242328]
	(No symbol) [0x0024240B]
	(No symbol) [0x00234FF7]
	BaseThreadInitThunk [0x75CE00C9+25]
	RtlGetAppContainerNamedObjectPath [0x77047B1E+286]
	RtlGetAppContainerNamedObjectPath [0x77047AEE+238]
	(No symbol) [0x00000000]
">
      <![CDATA[org.openqa.selenium.SessionNotCreatedException: session not created: This version of ChromeDriver only supports Chrome version 114
Current browser version is 116.0.5845.97 with binary path C:\Users\shekhar.zambare\AppData\Local\Google\Chrome\Application\chrome.exe
Build info: version: '3.141.59', revision: 'e82be7d358', time: '2018-11-14T08:17:03'
System info: host: 'IMPETUS-BL0541', ip: '172.23.192.1', os.name: 'Windows 10', os.arch: 'amd64', os.version: '10.0', java.version: '19.0.2'
Driver info: driver.version: ChromeDriver
remote stacktrace: Backtrace:
GetHandleVerifier [0x002AA813+48355]
(No symbol) [0x0023C4B1]
(No symbol) [0x00145358]
(No symbol) [0x001661AC]
(No symbol) [0x00161EF3]
(No symbol) [0x00160579]
(No symbol) [0x00190C55]
(No symbol) [0x0019093C]
(No symbol) [0x0018A536]
(No symbol) [0x001682DC]
(No symbol) [0x001693DD]
GetHandleVerifier [0x0050AABD+2539405]
GetHandleVerifier [0x0054A78F+2800735]
GetHandleVerifier [0x0054456C+2775612]
GetHandleVerifier [0x003351E0+616112]
(No symbol) [0x00245F8C]
(No symbol) [0x00242328]
(No symbol) [0x0024240B]
(No symbol) [0x00234FF7]
BaseThreadInitThunk [0x75CE00C9+25]
RtlGetAppContainerNamedObjectPath [0x77047B1E+286]
RtlGetAppContainerNamedObjectPath [0x77047AEE+238]
(No symbol) [0x00000000]

at org.openqa.selenium.remote.W3CHandshakeResponse.lambda$errorHandler$0(W3CHandshakeResponse.java:62)
at org.openqa.selenium.remote.HandshakeResponse.lambda$getResponseFunction$0(HandshakeResponse.java:30)
at org.openqa.selenium.remote.ProtocolHandshake.lambda$createSession$0(ProtocolHandshake.java:126)
at java.base/java.util.stream.ReferencePipeline$3$1.accept(ReferencePipeline.java:197)
at java.base/java.util.Spliterators$ArraySpliterator.tryAdvance(Spliterators.java:1016)
at java.base/java.util.stream.ReferencePipeline.forEachWithCancel(ReferencePipeline.java:129)
at java.base/java.util.stream.AbstractPipeline.copyIntoWithCancel(AbstractPipeline.java:527)
at java.base/java.util.stream.AbstractPipeline.copyInto(AbstractPipeline.java:513)
at java.base/java.util.stream.AbstractPipeline.wrapAndCopyInto(AbstractPipeline.java:499)
at java.base/java.util.stream.FindOps$FindOp.evaluateSequential(FindOps.java:150)
at java.base/java.util.stream.AbstractPipeline.evaluate(AbstractPipeline.java:234)
at java.base/java.util.stream.ReferencePipeline.findFirst(ReferencePipeline.java:647)
at org.openqa.selenium.remote.ProtocolHandshake.createSession(ProtocolHandshake.java:128)
at org.openqa.selenium.remote.ProtocolHandshake.createSession(ProtocolHandshake.java:74)
at org.openqa.selenium.remote.HttpCommandExecutor.execute(HttpCommandExecutor.java:136)
at org.openqa.selenium.remote.service.DriverCommandExecutor.execute(DriverCommandExecutor.java:83)
at org.openqa.selenium.remote.RemoteWebDriver.execute(RemoteWebDriver.java:552)
at org.openqa.selenium.remote.RemoteWebDriver.startSession(RemoteWebDriver.java:213)
at org.openqa.selenium.remote.RemoteWebDriver.<init>(RemoteWebDriver.java:131)
at org.openqa.selenium.chrome.ChromeDriver.<init>(ChromeDriver.java:181)
at org.openqa.selenium.chrome.ChromeDriver.<init>(ChromeDriver.java:168)
at org.openqa.selenium.chrome.ChromeDriver.<init>(ChromeDriver.java:123)
at com.qa.testbase.TestBase.openBrowser(TestBase.java:91)
at com.qa.TestScripts.DynamicCheckboxTest.HandleDynamicCheckboxesTest(DynamicCheckboxTest.java:17)
at java.base/java.util.ArrayList.forEach(ArrayList.java:1511)
... Removed 28 stack frames]]>
    </failure>
  </testcase> <!-- HandleDynamicCheckboxesTest -->
  <testcase classname="com.qa.TestScripts.SimpleCheckboxTest" name="testCheckbox" time="3.354">
    <failure type="org.openqa.selenium.SessionNotCreatedException" message="session not created: This version of ChromeDriver only supports Chrome version 114
Current browser version is 116.0.5845.97 with binary path C:\Users\shekhar.zambare\AppData\Local\Google\Chrome\Application\chrome.exe
Build info: version: &amp;apos;3.141.59&amp;apos;, revision: &amp;apos;e82be7d358&amp;apos;, time: &amp;apos;2018-11-14T08:17:03&amp;apos;
System info: host: &amp;apos;IMPETUS-BL0541&amp;apos;, ip: &amp;apos;172.23.192.1&amp;apos;, os.name: &amp;apos;Windows 10&amp;apos;, os.arch: &amp;apos;amd64&amp;apos;, os.version: &amp;apos;10.0&amp;apos;, java.version: &amp;apos;19.0.2&amp;apos;
Driver info: driver.version: ChromeDriver
remote stacktrace: Backtrace:
	GetHandleVerifier [0x002AA813+48355]
	(No symbol) [0x0023C4B1]
	(No symbol) [0x00145358]
	(No symbol) [0x001661AC]
	(No symbol) [0x00161EF3]
	(No symbol) [0x00160579]
	(No symbol) [0x00190C55]
	(No symbol) [0x0019093C]
	(No symbol) [0x0018A536]
	(No symbol) [0x001682DC]
	(No symbol) [0x001693DD]
	GetHandleVerifier [0x0050AABD+2539405]
	GetHandleVerifier [0x0054A78F+2800735]
	GetHandleVerifier [0x0054456C+2775612]
	GetHandleVerifier [0x003351E0+616112]
	(No symbol) [0x00245F8C]
	(No symbol) [0x00242328]
	(No symbol) [0x0024240B]
	(No symbol) [0x00234FF7]
	BaseThreadInitThunk [0x75CE00C9+25]
	RtlGetAppContainerNamedObjectPath [0x77047B1E+286]
	RtlGetAppContainerNamedObjectPath [0x77047AEE+238]
	(No symbol) [0x00000000]
">
      <![CDATA[org.openqa.selenium.SessionNotCreatedException: session not created: This version of ChromeDriver only supports Chrome version 114
Current browser version is 116.0.5845.97 with binary path C:\Users\shekhar.zambare\AppData\Local\Google\Chrome\Application\chrome.exe
Build info: version: '3.141.59', revision: 'e82be7d358', time: '2018-11-14T08:17:03'
System info: host: 'IMPETUS-BL0541', ip: '172.23.192.1', os.name: 'Windows 10', os.arch: 'amd64', os.version: '10.0', java.version: '19.0.2'
Driver info: driver.version: ChromeDriver
remote stacktrace: Backtrace:
GetHandleVerifier [0x002AA813+48355]
(No symbol) [0x0023C4B1]
(No symbol) [0x00145358]
(No symbol) [0x001661AC]
(No symbol) [0x00161EF3]
(No symbol) [0x00160579]
(No symbol) [0x00190C55]
(No symbol) [0x0019093C]
(No symbol) [0x0018A536]
(No symbol) [0x001682DC]
(No symbol) [0x001693DD]
GetHandleVerifier [0x0050AABD+2539405]
GetHandleVerifier [0x0054A78F+2800735]
GetHandleVerifier [0x0054456C+2775612]
GetHandleVerifier [0x003351E0+616112]
(No symbol) [0x00245F8C]
(No symbol) [0x00242328]
(No symbol) [0x0024240B]
(No symbol) [0x00234FF7]
BaseThreadInitThunk [0x75CE00C9+25]
RtlGetAppContainerNamedObjectPath [0x77047B1E+286]
RtlGetAppContainerNamedObjectPath [0x77047AEE+238]
(No symbol) [0x00000000]

at org.openqa.selenium.remote.W3CHandshakeResponse.lambda$errorHandler$0(W3CHandshakeResponse.java:62)
at org.openqa.selenium.remote.HandshakeResponse.lambda$getResponseFunction$0(HandshakeResponse.java:30)
at org.openqa.selenium.remote.ProtocolHandshake.lambda$createSession$0(ProtocolHandshake.java:126)
at java.base/java.util.stream.ReferencePipeline$3$1.accept(ReferencePipeline.java:197)
at java.base/java.util.Spliterators$ArraySpliterator.tryAdvance(Spliterators.java:1016)
at java.base/java.util.stream.ReferencePipeline.forEachWithCancel(ReferencePipeline.java:129)
at java.base/java.util.stream.AbstractPipeline.copyIntoWithCancel(AbstractPipeline.java:527)
at java.base/java.util.stream.AbstractPipeline.copyInto(AbstractPipeline.java:513)
at java.base/java.util.stream.AbstractPipeline.wrapAndCopyInto(AbstractPipeline.java:499)
at java.base/java.util.stream.FindOps$FindOp.evaluateSequential(FindOps.java:150)
at java.base/java.util.stream.AbstractPipeline.evaluate(AbstractPipeline.java:234)
at java.base/java.util.stream.ReferencePipeline.findFirst(ReferencePipeline.java:647)
at org.openqa.selenium.remote.ProtocolHandshake.createSession(ProtocolHandshake.java:128)
at org.openqa.selenium.remote.ProtocolHandshake.createSession(ProtocolHandshake.java:74)
at org.openqa.selenium.remote.HttpCommandExecutor.execute(HttpCommandExecutor.java:136)
at org.openqa.selenium.remote.service.DriverCommandExecutor.execute(DriverCommandExecutor.java:83)
at org.openqa.selenium.remote.RemoteWebDriver.execute(RemoteWebDriver.java:552)
at org.openqa.selenium.remote.RemoteWebDriver.startSession(RemoteWebDriver.java:213)
at org.openqa.selenium.remote.RemoteWebDriver.<init>(RemoteWebDriver.java:131)
at org.openqa.selenium.chrome.ChromeDriver.<init>(ChromeDriver.java:181)
at org.openqa.selenium.chrome.ChromeDriver.<init>(ChromeDriver.java:168)
at org.openqa.selenium.chrome.ChromeDriver.<init>(ChromeDriver.java:123)
at com.qa.testbase.TestBase.openBrowser(TestBase.java:91)
at com.qa.TestScripts.SimpleCheckboxTest.testCheckbox(SimpleCheckboxTest.java:17)
at java.base/java.util.ArrayList.forEach(ArrayList.java:1511)
... Removed 28 stack frames]]>
    </failure>
  </testcase> <!-- testCheckbox -->
  <testcase classname="com.qa.TestScripts.WindowHandleTest" name="HandleWindows" time="3.499">
    <failure type="org.openqa.selenium.SessionNotCreatedException" message="session not created: This version of ChromeDriver only supports Chrome version 114
Current browser version is 116.0.5845.97 with binary path C:\Users\shekhar.zambare\AppData\Local\Google\Chrome\Application\chrome.exe
Build info: version: &amp;apos;3.141.59&amp;apos;, revision: &amp;apos;e82be7d358&amp;apos;, time: &amp;apos;2018-11-14T08:17:03&amp;apos;
System info: host: &amp;apos;IMPETUS-BL0541&amp;apos;, ip: &amp;apos;172.23.192.1&amp;apos;, os.name: &amp;apos;Windows 10&amp;apos;, os.arch: &amp;apos;amd64&amp;apos;, os.version: &amp;apos;10.0&amp;apos;, java.version: &amp;apos;19.0.2&amp;apos;
Driver info: driver.version: ChromeDriver
remote stacktrace: Backtrace:
	GetHandleVerifier [0x002AA813+48355]
	(No symbol) [0x0023C4B1]
	(No symbol) [0x00145358]
	(No symbol) [0x001661AC]
	(No symbol) [0x00161EF3]
	(No symbol) [0x00160579]
	(No symbol) [0x00190C55]
	(No symbol) [0x0019093C]
	(No symbol) [0x0018A536]
	(No symbol) [0x001682DC]
	(No symbol) [0x001693DD]
	GetHandleVerifier [0x0050AABD+2539405]
	GetHandleVerifier [0x0054A78F+2800735]
	GetHandleVerifier [0x0054456C+2775612]
	GetHandleVerifier [0x003351E0+616112]
	(No symbol) [0x00245F8C]
	(No symbol) [0x00242328]
	(No symbol) [0x0024240B]
	(No symbol) [0x00234FF7]
	BaseThreadInitThunk [0x75CE00C9+25]
	RtlGetAppContainerNamedObjectPath [0x77047B1E+286]
	RtlGetAppContainerNamedObjectPath [0x77047AEE+238]
	(No symbol) [0x00000000]
">
      <![CDATA[org.openqa.selenium.SessionNotCreatedException: session not created: This version of ChromeDriver only supports Chrome version 114
Current browser version is 116.0.5845.97 with binary path C:\Users\shekhar.zambare\AppData\Local\Google\Chrome\Application\chrome.exe
Build info: version: '3.141.59', revision: 'e82be7d358', time: '2018-11-14T08:17:03'
System info: host: 'IMPETUS-BL0541', ip: '172.23.192.1', os.name: 'Windows 10', os.arch: 'amd64', os.version: '10.0', java.version: '19.0.2'
Driver info: driver.version: ChromeDriver
remote stacktrace: Backtrace:
GetHandleVerifier [0x002AA813+48355]
(No symbol) [0x0023C4B1]
(No symbol) [0x00145358]
(No symbol) [0x001661AC]
(No symbol) [0x00161EF3]
(No symbol) [0x00160579]
(No symbol) [0x00190C55]
(No symbol) [0x0019093C]
(No symbol) [0x0018A536]
(No symbol) [0x001682DC]
(No symbol) [0x001693DD]
GetHandleVerifier [0x0050AABD+2539405]
GetHandleVerifier [0x0054A78F+2800735]
GetHandleVerifier [0x0054456C+2775612]
GetHandleVerifier [0x003351E0+616112]
(No symbol) [0x00245F8C]
(No symbol) [0x00242328]
(No symbol) [0x0024240B]
(No symbol) [0x00234FF7]
BaseThreadInitThunk [0x75CE00C9+25]
RtlGetAppContainerNamedObjectPath [0x77047B1E+286]
RtlGetAppContainerNamedObjectPath [0x77047AEE+238]
(No symbol) [0x00000000]

at org.openqa.selenium.remote.W3CHandshakeResponse.lambda$errorHandler$0(W3CHandshakeResponse.java:62)
at org.openqa.selenium.remote.HandshakeResponse.lambda$getResponseFunction$0(HandshakeResponse.java:30)
at org.openqa.selenium.remote.ProtocolHandshake.lambda$createSession$0(ProtocolHandshake.java:126)
at java.base/java.util.stream.ReferencePipeline$3$1.accept(ReferencePipeline.java:197)
at java.base/java.util.Spliterators$ArraySpliterator.tryAdvance(Spliterators.java:1016)
at java.base/java.util.stream.ReferencePipeline.forEachWithCancel(ReferencePipeline.java:129)
at java.base/java.util.stream.AbstractPipeline.copyIntoWithCancel(AbstractPipeline.java:527)
at java.base/java.util.stream.AbstractPipeline.copyInto(AbstractPipeline.java:513)
at java.base/java.util.stream.AbstractPipeline.wrapAndCopyInto(AbstractPipeline.java:499)
at java.base/java.util.stream.FindOps$FindOp.evaluateSequential(FindOps.java:150)
at java.base/java.util.stream.AbstractPipeline.evaluate(AbstractPipeline.java:234)
at java.base/java.util.stream.ReferencePipeline.findFirst(ReferencePipeline.java:647)
at org.openqa.selenium.remote.ProtocolHandshake.createSession(ProtocolHandshake.java:128)
at org.openqa.selenium.remote.ProtocolHandshake.createSession(ProtocolHandshake.java:74)
at org.openqa.selenium.remote.HttpCommandExecutor.execute(HttpCommandExecutor.java:136)
at org.openqa.selenium.remote.service.DriverCommandExecutor.execute(DriverCommandExecutor.java:83)
at org.openqa.selenium.remote.RemoteWebDriver.execute(RemoteWebDriver.java:552)
at org.openqa.selenium.remote.RemoteWebDriver.startSession(RemoteWebDriver.java:213)
at org.openqa.selenium.remote.RemoteWebDriver.<init>(RemoteWebDriver.java:131)
at org.openqa.selenium.chrome.ChromeDriver.<init>(ChromeDriver.java:181)
at org.openqa.selenium.chrome.ChromeDriver.<init>(ChromeDriver.java:168)
at org.openqa.selenium.chrome.ChromeDriver.<init>(ChromeDriver.java:123)
at com.qa.testbase.TestBase.openBrowser(TestBase.java:91)
at com.qa.TestScripts.WindowHandleTest.HandleWindows(WindowHandleTest.java:15)
at java.base/java.util.ArrayList.forEach(ArrayList.java:1511)
... Removed 28 stack frames]]>
    </failure>
  </testcase> <!-- HandleWindows -->
  <testcase classname="com.qa.TestScripts.MouseHoverTest" name="MouseHoverAction" time="3.537">
    <failure type="org.openqa.selenium.SessionNotCreatedException" message="session not created: This version of ChromeDriver only supports Chrome version 114
Current browser version is 116.0.5845.97 with binary path C:\Users\shekhar.zambare\AppData\Local\Google\Chrome\Application\chrome.exe
Build info: version: &amp;apos;3.141.59&amp;apos;, revision: &amp;apos;e82be7d358&amp;apos;, time: &amp;apos;2018-11-14T08:17:03&amp;apos;
System info: host: &amp;apos;IMPETUS-BL0541&amp;apos;, ip: &amp;apos;172.23.192.1&amp;apos;, os.name: &amp;apos;Windows 10&amp;apos;, os.arch: &amp;apos;amd64&amp;apos;, os.version: &amp;apos;10.0&amp;apos;, java.version: &amp;apos;19.0.2&amp;apos;
Driver info: driver.version: ChromeDriver
remote stacktrace: Backtrace:
	GetHandleVerifier [0x002AA813+48355]
	(No symbol) [0x0023C4B1]
	(No symbol) [0x00145358]
	(No symbol) [0x001661AC]
	(No symbol) [0x00161EF3]
	(No symbol) [0x00160579]
	(No symbol) [0x00190C55]
	(No symbol) [0x0019093C]
	(No symbol) [0x0018A536]
	(No symbol) [0x001682DC]
	(No symbol) [0x001693DD]
	GetHandleVerifier [0x0050AABD+2539405]
	GetHandleVerifier [0x0054A78F+2800735]
	GetHandleVerifier [0x0054456C+2775612]
	GetHandleVerifier [0x003351E0+616112]
	(No symbol) [0x00245F8C]
	(No symbol) [0x00242328]
	(No symbol) [0x0024240B]
	(No symbol) [0x00234FF7]
	BaseThreadInitThunk [0x75CE00C9+25]
	RtlGetAppContainerNamedObjectPath [0x77047B1E+286]
	RtlGetAppContainerNamedObjectPath [0x77047AEE+238]
	(No symbol) [0x00000000]
">
      <![CDATA[org.openqa.selenium.SessionNotCreatedException: session not created: This version of ChromeDriver only supports Chrome version 114
Current browser version is 116.0.5845.97 with binary path C:\Users\shekhar.zambare\AppData\Local\Google\Chrome\Application\chrome.exe
Build info: version: '3.141.59', revision: 'e82be7d358', time: '2018-11-14T08:17:03'
System info: host: 'IMPETUS-BL0541', ip: '172.23.192.1', os.name: 'Windows 10', os.arch: 'amd64', os.version: '10.0', java.version: '19.0.2'
Driver info: driver.version: ChromeDriver
remote stacktrace: Backtrace:
GetHandleVerifier [0x002AA813+48355]
(No symbol) [0x0023C4B1]
(No symbol) [0x00145358]
(No symbol) [0x001661AC]
(No symbol) [0x00161EF3]
(No symbol) [0x00160579]
(No symbol) [0x00190C55]
(No symbol) [0x0019093C]
(No symbol) [0x0018A536]
(No symbol) [0x001682DC]
(No symbol) [0x001693DD]
GetHandleVerifier [0x0050AABD+2539405]
GetHandleVerifier [0x0054A78F+2800735]
GetHandleVerifier [0x0054456C+2775612]
GetHandleVerifier [0x003351E0+616112]
(No symbol) [0x00245F8C]
(No symbol) [0x00242328]
(No symbol) [0x0024240B]
(No symbol) [0x00234FF7]
BaseThreadInitThunk [0x75CE00C9+25]
RtlGetAppContainerNamedObjectPath [0x77047B1E+286]
RtlGetAppContainerNamedObjectPath [0x77047AEE+238]
(No symbol) [0x00000000]

at org.openqa.selenium.remote.W3CHandshakeResponse.lambda$errorHandler$0(W3CHandshakeResponse.java:62)
at org.openqa.selenium.remote.HandshakeResponse.lambda$getResponseFunction$0(HandshakeResponse.java:30)
at org.openqa.selenium.remote.ProtocolHandshake.lambda$createSession$0(ProtocolHandshake.java:126)
at java.base/java.util.stream.ReferencePipeline$3$1.accept(ReferencePipeline.java:197)
at java.base/java.util.Spliterators$ArraySpliterator.tryAdvance(Spliterators.java:1016)
at java.base/java.util.stream.ReferencePipeline.forEachWithCancel(ReferencePipeline.java:129)
at java.base/java.util.stream.AbstractPipeline.copyIntoWithCancel(AbstractPipeline.java:527)
at java.base/java.util.stream.AbstractPipeline.copyInto(AbstractPipeline.java:513)
at java.base/java.util.stream.AbstractPipeline.wrapAndCopyInto(AbstractPipeline.java:499)
at java.base/java.util.stream.FindOps$FindOp.evaluateSequential(FindOps.java:150)
at java.base/java.util.stream.AbstractPipeline.evaluate(AbstractPipeline.java:234)
at java.base/java.util.stream.ReferencePipeline.findFirst(ReferencePipeline.java:647)
at org.openqa.selenium.remote.ProtocolHandshake.createSession(ProtocolHandshake.java:128)
at org.openqa.selenium.remote.ProtocolHandshake.createSession(ProtocolHandshake.java:74)
at org.openqa.selenium.remote.HttpCommandExecutor.execute(HttpCommandExecutor.java:136)
at org.openqa.selenium.remote.service.DriverCommandExecutor.execute(DriverCommandExecutor.java:83)
at org.openqa.selenium.remote.RemoteWebDriver.execute(RemoteWebDriver.java:552)
at org.openqa.selenium.remote.RemoteWebDriver.startSession(RemoteWebDriver.java:213)
at org.openqa.selenium.remote.RemoteWebDriver.<init>(RemoteWebDriver.java:131)
at org.openqa.selenium.chrome.ChromeDriver.<init>(ChromeDriver.java:181)
at org.openqa.selenium.chrome.ChromeDriver.<init>(ChromeDriver.java:168)
at org.openqa.selenium.chrome.ChromeDriver.<init>(ChromeDriver.java:123)
at com.qa.testbase.TestBase.openBrowser(TestBase.java:91)
at com.qa.TestScripts.MouseHoverTest.MouseHoverAction(MouseHoverTest.java:15)
at java.base/java.util.ArrayList.forEach(ArrayList.java:1511)
... Removed 28 stack frames]]>
    </failure>
  </testcase> <!-- MouseHoverAction -->
  <testcase classname="com.qa.TestScripts.DropdownTest" name="testDropdownSelection" time="3.456">
    <failure type="org.openqa.selenium.SessionNotCreatedException" message="session not created: This version of ChromeDriver only supports Chrome version 114
Current browser version is 116.0.5845.97 with binary path C:\Users\shekhar.zambare\AppData\Local\Google\Chrome\Application\chrome.exe
Build info: version: &amp;apos;3.141.59&amp;apos;, revision: &amp;apos;e82be7d358&amp;apos;, time: &amp;apos;2018-11-14T08:17:03&amp;apos;
System info: host: &amp;apos;IMPETUS-BL0541&amp;apos;, ip: &amp;apos;172.23.192.1&amp;apos;, os.name: &amp;apos;Windows 10&amp;apos;, os.arch: &amp;apos;amd64&amp;apos;, os.version: &amp;apos;10.0&amp;apos;, java.version: &amp;apos;19.0.2&amp;apos;
Driver info: driver.version: ChromeDriver
remote stacktrace: Backtrace:
	GetHandleVerifier [0x002AA813+48355]
	(No symbol) [0x0023C4B1]
	(No symbol) [0x00145358]
	(No symbol) [0x001661AC]
	(No symbol) [0x00161EF3]
	(No symbol) [0x00160579]
	(No symbol) [0x00190C55]
	(No symbol) [0x0019093C]
	(No symbol) [0x0018A536]
	(No symbol) [0x001682DC]
	(No symbol) [0x001693DD]
	GetHandleVerifier [0x0050AABD+2539405]
	GetHandleVerifier [0x0054A78F+2800735]
	GetHandleVerifier [0x0054456C+2775612]
	GetHandleVerifier [0x003351E0+616112]
	(No symbol) [0x00245F8C]
	(No symbol) [0x00242328]
	(No symbol) [0x0024240B]
	(No symbol) [0x00234FF7]
	BaseThreadInitThunk [0x75CE00C9+25]
	RtlGetAppContainerNamedObjectPath [0x77047B1E+286]
	RtlGetAppContainerNamedObjectPath [0x77047AEE+238]
	(No symbol) [0x00000000]
">
      <![CDATA[org.openqa.selenium.SessionNotCreatedException: session not created: This version of ChromeDriver only supports Chrome version 114
Current browser version is 116.0.5845.97 with binary path C:\Users\shekhar.zambare\AppData\Local\Google\Chrome\Application\chrome.exe
Build info: version: '3.141.59', revision: 'e82be7d358', time: '2018-11-14T08:17:03'
System info: host: 'IMPETUS-BL0541', ip: '172.23.192.1', os.name: 'Windows 10', os.arch: 'amd64', os.version: '10.0', java.version: '19.0.2'
Driver info: driver.version: ChromeDriver
remote stacktrace: Backtrace:
GetHandleVerifier [0x002AA813+48355]
(No symbol) [0x0023C4B1]
(No symbol) [0x00145358]
(No symbol) [0x001661AC]
(No symbol) [0x00161EF3]
(No symbol) [0x00160579]
(No symbol) [0x00190C55]
(No symbol) [0x0019093C]
(No symbol) [0x0018A536]
(No symbol) [0x001682DC]
(No symbol) [0x001693DD]
GetHandleVerifier [0x0050AABD+2539405]
GetHandleVerifier [0x0054A78F+2800735]
GetHandleVerifier [0x0054456C+2775612]
GetHandleVerifier [0x003351E0+616112]
(No symbol) [0x00245F8C]
(No symbol) [0x00242328]
(No symbol) [0x0024240B]
(No symbol) [0x00234FF7]
BaseThreadInitThunk [0x75CE00C9+25]
RtlGetAppContainerNamedObjectPath [0x77047B1E+286]
RtlGetAppContainerNamedObjectPath [0x77047AEE+238]
(No symbol) [0x00000000]

at org.openqa.selenium.remote.W3CHandshakeResponse.lambda$errorHandler$0(W3CHandshakeResponse.java:62)
at org.openqa.selenium.remote.HandshakeResponse.lambda$getResponseFunction$0(HandshakeResponse.java:30)
at org.openqa.selenium.remote.ProtocolHandshake.lambda$createSession$0(ProtocolHandshake.java:126)
at java.base/java.util.stream.ReferencePipeline$3$1.accept(ReferencePipeline.java:197)
at java.base/java.util.Spliterators$ArraySpliterator.tryAdvance(Spliterators.java:1016)
at java.base/java.util.stream.ReferencePipeline.forEachWithCancel(ReferencePipeline.java:129)
at java.base/java.util.stream.AbstractPipeline.copyIntoWithCancel(AbstractPipeline.java:527)
at java.base/java.util.stream.AbstractPipeline.copyInto(AbstractPipeline.java:513)
at java.base/java.util.stream.AbstractPipeline.wrapAndCopyInto(AbstractPipeline.java:499)
at java.base/java.util.stream.FindOps$FindOp.evaluateSequential(FindOps.java:150)
at java.base/java.util.stream.AbstractPipeline.evaluate(AbstractPipeline.java:234)
at java.base/java.util.stream.ReferencePipeline.findFirst(ReferencePipeline.java:647)
at org.openqa.selenium.remote.ProtocolHandshake.createSession(ProtocolHandshake.java:128)
at org.openqa.selenium.remote.ProtocolHandshake.createSession(ProtocolHandshake.java:74)
at org.openqa.selenium.remote.HttpCommandExecutor.execute(HttpCommandExecutor.java:136)
at org.openqa.selenium.remote.service.DriverCommandExecutor.execute(DriverCommandExecutor.java:83)
at org.openqa.selenium.remote.RemoteWebDriver.execute(RemoteWebDriver.java:552)
at org.openqa.selenium.remote.RemoteWebDriver.startSession(RemoteWebDriver.java:213)
at org.openqa.selenium.remote.RemoteWebDriver.<init>(RemoteWebDriver.java:131)
at org.openqa.selenium.chrome.ChromeDriver.<init>(ChromeDriver.java:181)
at org.openqa.selenium.chrome.ChromeDriver.<init>(ChromeDriver.java:168)
at org.openqa.selenium.chrome.ChromeDriver.<init>(ChromeDriver.java:123)
at com.qa.testbase.TestBase.openBrowser(TestBase.java:91)
at com.qa.TestScripts.DropdownTest.testDropdownSelection(DropdownTest.java:15)
at java.base/java.util.ArrayList.forEach(ArrayList.java:1511)
... Removed 28 stack frames]]>
    </failure>
  </testcase> <!-- testDropdownSelection -->
  <testcase classname="com.qa.TestScripts.AlertPageTest" name="HandleAlert" time="3.445">
    <failure type="org.openqa.selenium.SessionNotCreatedException" message="session not created: This version of ChromeDriver only supports Chrome version 114
Current browser version is 116.0.5845.97 with binary path C:\Users\shekhar.zambare\AppData\Local\Google\Chrome\Application\chrome.exe
Build info: version: &amp;apos;3.141.59&amp;apos;, revision: &amp;apos;e82be7d358&amp;apos;, time: &amp;apos;2018-11-14T08:17:03&amp;apos;
System info: host: &amp;apos;IMPETUS-BL0541&amp;apos;, ip: &amp;apos;172.23.192.1&amp;apos;, os.name: &amp;apos;Windows 10&amp;apos;, os.arch: &amp;apos;amd64&amp;apos;, os.version: &amp;apos;10.0&amp;apos;, java.version: &amp;apos;19.0.2&amp;apos;
Driver info: driver.version: ChromeDriver
remote stacktrace: Backtrace:
	GetHandleVerifier [0x002AA813+48355]
	(No symbol) [0x0023C4B1]
	(No symbol) [0x00145358]
	(No symbol) [0x001661AC]
	(No symbol) [0x00161EF3]
	(No symbol) [0x00160579]
	(No symbol) [0x00190C55]
	(No symbol) [0x0019093C]
	(No symbol) [0x0018A536]
	(No symbol) [0x001682DC]
	(No symbol) [0x001693DD]
	GetHandleVerifier [0x0050AABD+2539405]
	GetHandleVerifier [0x0054A78F+2800735]
	GetHandleVerifier [0x0054456C+2775612]
	GetHandleVerifier [0x003351E0+616112]
	(No symbol) [0x00245F8C]
	(No symbol) [0x00242328]
	(No symbol) [0x0024240B]
	(No symbol) [0x00234FF7]
	BaseThreadInitThunk [0x75CE00C9+25]
	RtlGetAppContainerNamedObjectPath [0x77047B1E+286]
	RtlGetAppContainerNamedObjectPath [0x77047AEE+238]
	(No symbol) [0x00000000]
">
      <![CDATA[org.openqa.selenium.SessionNotCreatedException: session not created: This version of ChromeDriver only supports Chrome version 114
Current browser version is 116.0.5845.97 with binary path C:\Users\shekhar.zambare\AppData\Local\Google\Chrome\Application\chrome.exe
Build info: version: '3.141.59', revision: 'e82be7d358', time: '2018-11-14T08:17:03'
System info: host: 'IMPETUS-BL0541', ip: '172.23.192.1', os.name: 'Windows 10', os.arch: 'amd64', os.version: '10.0', java.version: '19.0.2'
Driver info: driver.version: ChromeDriver
remote stacktrace: Backtrace:
GetHandleVerifier [0x002AA813+48355]
(No symbol) [0x0023C4B1]
(No symbol) [0x00145358]
(No symbol) [0x001661AC]
(No symbol) [0x00161EF3]
(No symbol) [0x00160579]
(No symbol) [0x00190C55]
(No symbol) [0x0019093C]
(No symbol) [0x0018A536]
(No symbol) [0x001682DC]
(No symbol) [0x001693DD]
GetHandleVerifier [0x0050AABD+2539405]
GetHandleVerifier [0x0054A78F+2800735]
GetHandleVerifier [0x0054456C+2775612]
GetHandleVerifier [0x003351E0+616112]
(No symbol) [0x00245F8C]
(No symbol) [0x00242328]
(No symbol) [0x0024240B]
(No symbol) [0x00234FF7]
BaseThreadInitThunk [0x75CE00C9+25]
RtlGetAppContainerNamedObjectPath [0x77047B1E+286]
RtlGetAppContainerNamedObjectPath [0x77047AEE+238]
(No symbol) [0x00000000]

at org.openqa.selenium.remote.W3CHandshakeResponse.lambda$errorHandler$0(W3CHandshakeResponse.java:62)
at org.openqa.selenium.remote.HandshakeResponse.lambda$getResponseFunction$0(HandshakeResponse.java:30)
at org.openqa.selenium.remote.ProtocolHandshake.lambda$createSession$0(ProtocolHandshake.java:126)
at java.base/java.util.stream.ReferencePipeline$3$1.accept(ReferencePipeline.java:197)
at java.base/java.util.Spliterators$ArraySpliterator.tryAdvance(Spliterators.java:1016)
at java.base/java.util.stream.ReferencePipeline.forEachWithCancel(ReferencePipeline.java:129)
at java.base/java.util.stream.AbstractPipeline.copyIntoWithCancel(AbstractPipeline.java:527)
at java.base/java.util.stream.AbstractPipeline.copyInto(AbstractPipeline.java:513)
at java.base/java.util.stream.AbstractPipeline.wrapAndCopyInto(AbstractPipeline.java:499)
at java.base/java.util.stream.FindOps$FindOp.evaluateSequential(FindOps.java:150)
at java.base/java.util.stream.AbstractPipeline.evaluate(AbstractPipeline.java:234)
at java.base/java.util.stream.ReferencePipeline.findFirst(ReferencePipeline.java:647)
at org.openqa.selenium.remote.ProtocolHandshake.createSession(ProtocolHandshake.java:128)
at org.openqa.selenium.remote.ProtocolHandshake.createSession(ProtocolHandshake.java:74)
at org.openqa.selenium.remote.HttpCommandExecutor.execute(HttpCommandExecutor.java:136)
at org.openqa.selenium.remote.service.DriverCommandExecutor.execute(DriverCommandExecutor.java:83)
at org.openqa.selenium.remote.RemoteWebDriver.execute(RemoteWebDriver.java:552)
at org.openqa.selenium.remote.RemoteWebDriver.startSession(RemoteWebDriver.java:213)
at org.openqa.selenium.remote.RemoteWebDriver.<init>(RemoteWebDriver.java:131)
at org.openqa.selenium.chrome.ChromeDriver.<init>(ChromeDriver.java:181)
at org.openqa.selenium.chrome.ChromeDriver.<init>(ChromeDriver.java:168)
at org.openqa.selenium.chrome.ChromeDriver.<init>(ChromeDriver.java:123)
at com.qa.testbase.TestBase.openBrowser(TestBase.java:91)
at com.qa.TestScripts.AlertPageTest.HandleAlert(AlertPageTest.java:15)
at java.base/java.util.ArrayList.forEach(ArrayList.java:1511)
... Removed 28 stack frames]]>
    </failure>
  </testcase> <!-- HandleAlert -->
  <testcase classname="com.qa.TestScripts.DynamicRadioButtonTest" name="HandleDynamicRadioButtonTest" time="3.448">
    <failure type="org.openqa.selenium.SessionNotCreatedException" message="session not created: This version of ChromeDriver only supports Chrome version 114
Current browser version is 116.0.5845.97 with binary path C:\Users\shekhar.zambare\AppData\Local\Google\Chrome\Application\chrome.exe
Build info: version: &amp;apos;3.141.59&amp;apos;, revision: &amp;apos;e82be7d358&amp;apos;, time: &amp;apos;2018-11-14T08:17:03&amp;apos;
System info: host: &amp;apos;IMPETUS-BL0541&amp;apos;, ip: &amp;apos;172.23.192.1&amp;apos;, os.name: &amp;apos;Windows 10&amp;apos;, os.arch: &amp;apos;amd64&amp;apos;, os.version: &amp;apos;10.0&amp;apos;, java.version: &amp;apos;19.0.2&amp;apos;
Driver info: driver.version: ChromeDriver
remote stacktrace: Backtrace:
	GetHandleVerifier [0x002AA813+48355]
	(No symbol) [0x0023C4B1]
	(No symbol) [0x00145358]
	(No symbol) [0x001661AC]
	(No symbol) [0x00161EF3]
	(No symbol) [0x00160579]
	(No symbol) [0x00190C55]
	(No symbol) [0x0019093C]
	(No symbol) [0x0018A536]
	(No symbol) [0x001682DC]
	(No symbol) [0x001693DD]
	GetHandleVerifier [0x0050AABD+2539405]
	GetHandleVerifier [0x0054A78F+2800735]
	GetHandleVerifier [0x0054456C+2775612]
	GetHandleVerifier [0x003351E0+616112]
	(No symbol) [0x00245F8C]
	(No symbol) [0x00242328]
	(No symbol) [0x0024240B]
	(No symbol) [0x00234FF7]
	BaseThreadInitThunk [0x75CE00C9+25]
	RtlGetAppContainerNamedObjectPath [0x77047B1E+286]
	RtlGetAppContainerNamedObjectPath [0x77047AEE+238]
	(No symbol) [0x00000000]
">
      <![CDATA[org.openqa.selenium.SessionNotCreatedException: session not created: This version of ChromeDriver only supports Chrome version 114
Current browser version is 116.0.5845.97 with binary path C:\Users\shekhar.zambare\AppData\Local\Google\Chrome\Application\chrome.exe
Build info: version: '3.141.59', revision: 'e82be7d358', time: '2018-11-14T08:17:03'
System info: host: 'IMPETUS-BL0541', ip: '172.23.192.1', os.name: 'Windows 10', os.arch: 'amd64', os.version: '10.0', java.version: '19.0.2'
Driver info: driver.version: ChromeDriver
remote stacktrace: Backtrace:
GetHandleVerifier [0x002AA813+48355]
(No symbol) [0x0023C4B1]
(No symbol) [0x00145358]
(No symbol) [0x001661AC]
(No symbol) [0x00161EF3]
(No symbol) [0x00160579]
(No symbol) [0x00190C55]
(No symbol) [0x0019093C]
(No symbol) [0x0018A536]
(No symbol) [0x001682DC]
(No symbol) [0x001693DD]
GetHandleVerifier [0x0050AABD+2539405]
GetHandleVerifier [0x0054A78F+2800735]
GetHandleVerifier [0x0054456C+2775612]
GetHandleVerifier [0x003351E0+616112]
(No symbol) [0x00245F8C]
(No symbol) [0x00242328]
(No symbol) [0x0024240B]
(No symbol) [0x00234FF7]
BaseThreadInitThunk [0x75CE00C9+25]
RtlGetAppContainerNamedObjectPath [0x77047B1E+286]
RtlGetAppContainerNamedObjectPath [0x77047AEE+238]
(No symbol) [0x00000000]

at org.openqa.selenium.remote.W3CHandshakeResponse.lambda$errorHandler$0(W3CHandshakeResponse.java:62)
at org.openqa.selenium.remote.HandshakeResponse.lambda$getResponseFunction$0(HandshakeResponse.java:30)
at org.openqa.selenium.remote.ProtocolHandshake.lambda$createSession$0(ProtocolHandshake.java:126)
at java.base/java.util.stream.ReferencePipeline$3$1.accept(ReferencePipeline.java:197)
at java.base/java.util.Spliterators$ArraySpliterator.tryAdvance(Spliterators.java:1016)
at java.base/java.util.stream.ReferencePipeline.forEachWithCancel(ReferencePipeline.java:129)
at java.base/java.util.stream.AbstractPipeline.copyIntoWithCancel(AbstractPipeline.java:527)
at java.base/java.util.stream.AbstractPipeline.copyInto(AbstractPipeline.java:513)
at java.base/java.util.stream.AbstractPipeline.wrapAndCopyInto(AbstractPipeline.java:499)
at java.base/java.util.stream.FindOps$FindOp.evaluateSequential(FindOps.java:150)
at java.base/java.util.stream.AbstractPipeline.evaluate(AbstractPipeline.java:234)
at java.base/java.util.stream.ReferencePipeline.findFirst(ReferencePipeline.java:647)
at org.openqa.selenium.remote.ProtocolHandshake.createSession(ProtocolHandshake.java:128)
at org.openqa.selenium.remote.ProtocolHandshake.createSession(ProtocolHandshake.java:74)
at org.openqa.selenium.remote.HttpCommandExecutor.execute(HttpCommandExecutor.java:136)
at org.openqa.selenium.remote.service.DriverCommandExecutor.execute(DriverCommandExecutor.java:83)
at org.openqa.selenium.remote.RemoteWebDriver.execute(RemoteWebDriver.java:552)
at org.openqa.selenium.remote.RemoteWebDriver.startSession(RemoteWebDriver.java:213)
at org.openqa.selenium.remote.RemoteWebDriver.<init>(RemoteWebDriver.java:131)
at org.openqa.selenium.chrome.ChromeDriver.<init>(ChromeDriver.java:181)
at org.openqa.selenium.chrome.ChromeDriver.<init>(ChromeDriver.java:168)
at org.openqa.selenium.chrome.ChromeDriver.<init>(ChromeDriver.java:123)
at com.qa.testbase.TestBase.openBrowser(TestBase.java:91)
at com.qa.TestScripts.DynamicRadioButtonTest.HandleDynamicRadioButtonTest(DynamicRadioButtonTest.java:17)
at java.base/java.util.ArrayList.forEach(ArrayList.java:1511)
... Removed 28 stack frames]]>
    </failure>
  </testcase> <!-- HandleDynamicRadioButtonTest -->
</testsuite> <!-- Test -->
